#
# There is insufficient memory for the Java Runtime Environment to continue.
# Native memory allocation (malloc) failed to allocate 235616 bytes for Chunk::new
# Possible reasons:
#   The system is out of physical RAM or swap space
#   The process is running with CompressedOops enabled, and the Java Heap may be blocking the growth of the native heap
# Possible solutions:
#   Reduce memory load on the system
#   Increase physical memory or swap space
#   Check if swap backing store is full
#   Decrease Java heap size (-Xmx/-Xms)
#   Decrease number of Java threads
#   Decrease Java thread stack sizes (-Xss)
#   Set larger code cache with -XX:ReservedCodeCacheSize=
#   JVM is running with Unscaled Compressed Oops mode in which the Java heap is
#     placed in the first 4GB address space. The Java Heap base address is the
#     maximum limit for the native heap growth. Please use -XX:HeapBaseMinAddress
#     to set the Java Heap base and to place the Java Heap above 4GB virtual address.
# This output file may be truncated or incomplete.
#
#  Out of Memory Error (arena.cpp:189), pid=12484, tid=12924
#
# JRE version: Java(TM) SE Runtime Environment (17.0.8+9) (build 17.0.8+9-LTS-211)
# Java VM: Java HotSpot(TM) 64-Bit Server VM (17.0.8+9-LTS-211, mixed mode, sharing, tiered, compressed oops, compressed class ptrs, g1 gc, windows-amd64)
# No core dump will be written. Minidumps are not enabled by default on client versions of Windows
#

---------------  S U M M A R Y ------------

Command Line: -Dorg.gradle.internal.worker.tmpdir=C:\Users\RavvCheck1\IdeaProjects\TPO3\build\tmp\test\work -Dorg.gradle.native=false -agentlib:jdwp=transport=dt_socket,server=n,suspend=y,address=127.0.0.1:13145 -Xmx512m -Dfile.encoding=windows-1251 -Duser.country=RU -Duser.language=ru -Duser.variant -ea worker.org.gradle.process.internal.worker.GradleWorkerMain 'Gradle Test Executor 10'

Host: 12th Gen Intel(R) Core(TM) i5-1240P, 16 cores, 15G,  Windows 11 , 64 bit Build 22621 (10.0.22621.5262)
Time: Sat May 10 02:47:15 2025 RTZ 2 (s 11 , 64 bit Build 22621 (10.0.22621.5262) elapsed time: 6.301533 seconds (0d 0h 0m 6s)

---------------  T H R E A D  ---------------

Current thread (0x000002593c777270):  JavaThread "C2 CompilerThread0" daemon [_thread_in_native, id=12924, stack(0x0000009318700000,0x0000009318800000)]


Current CompileTask:
C2:   6301 2330       4       java.io.DataInputStream::readUTF (501 bytes)

Stack: [0x0000009318700000,0x0000009318800000]
Native frames: (J=compiled Java code, j=interpreted, Vv=VM code, C=native code)
V  [jvm.dll+0x677d0a]
V  [jvm.dll+0x7d8c54]
V  [jvm.dll+0x7da3fe]
V  [jvm.dll+0x7daa63]
V  [jvm.dll+0x245c5f]
V  [jvm.dll+0xaaa6b]
V  [jvm.dll+0xab00c]
V  [jvm.dll+0x2ab5cf]
V  [jvm.dll+0x580435]
V  [jvm.dll+0x220b22]
V  [jvm.dll+0x219b0f]
V  [jvm.dll+0x217329]
V  [jvm.dll+0x1a3af0]
V  [jvm.dll+0x2270be]
V  [jvm.dll+0x22535b]
V  [jvm.dll+0x78e7bc]
V  [jvm.dll+0x788bba]
V  [jvm.dll+0x676b35]
C  [ucrtbase.dll+0x29333]
C  [KERNEL32.DLL+0x1259d]
C  [ntdll.dll+0x5af58]


---------------  P R O C E S S  ---------------

Threads class SMR info:
_java_thread_list=0x00000259042bfe00, length=45, elements={
0x00000259213b7b30, 0x000002593c7550c0, 0x000002593c755f30, 0x000002593c773580,
0x000002593c774340, 0x000002593c775510, 0x000002593c775ec0, 0x000002593c777270,
0x000002593c778120, 0x000002593c77b340, 0x000002593c93ce50, 0x000002593ca4bf70,
0x000002593ca5b1b0, 0x000002593ca5beb0, 0x000002593ca69020, 0x000002593ca63880,
0x000002597e51c230, 0x000002597e561e30, 0x000002597e562300, 0x000002597ec4f860,
0x000002597f5605c0, 0x000002597f2f5510, 0x000002597ebaa680, 0x000002597ebaab50,
0x000002597ebab020, 0x000002597eba84d0, 0x000002597eba8e70, 0x000002597ebaa1b0,
0x000002597ebab9c0, 0x000002597eba9340, 0x000002597eba8000, 0x000002597eba89a0,
0x000002597eba9810, 0x000002597f534740, 0x000002597f537c30, 0x000002597f538aa0,
0x000002597f532f30, 0x000002597f537290, 0x000002597f5320c0, 0x000002597f535f50,
0x000002597f532590, 0x000002597f536420, 0x000002597f537760, 0x000002597f538100,
0x000002597f533400
}

Java Threads: ( => current thread )
  0x00000259213b7b30 JavaThread "Forwarding findElement on session e5884cbf-565b-4d6c-beaa-c6dd35857d9d to remote" [_thread_blocked, id=22592, stack(0x0000009317a00000,0x0000009317b00000)]
  0x000002593c7550c0 JavaThread "Reference Handler" daemon [_thread_blocked, id=27512, stack(0x0000009318100000,0x0000009318200000)]
  0x000002593c755f30 JavaThread "Finalizer" daemon [_thread_blocked, id=27192, stack(0x0000009318200000,0x0000009318300000)]
  0x000002593c773580 JavaThread "Signal Dispatcher" daemon [_thread_blocked, id=27556, stack(0x0000009318300000,0x0000009318400000)]
  0x000002593c774340 JavaThread "Attach Listener" daemon [_thread_blocked, id=15908, stack(0x0000009318400000,0x0000009318500000)]
  0x000002593c775510 JavaThread "Service Thread" daemon [_thread_blocked, id=26348, stack(0x0000009318500000,0x0000009318600000)]
  0x000002593c775ec0 JavaThread "Monitor Deflation Thread" daemon [_thread_blocked, id=23896, stack(0x0000009318600000,0x0000009318700000)]
=>0x000002593c777270 JavaThread "C2 CompilerThread0" daemon [_thread_in_native, id=12924, stack(0x0000009318700000,0x0000009318800000)]
  0x000002593c778120 JavaThread "C1 CompilerThread0" daemon [_thread_blocked, id=23300, stack(0x0000009318800000,0x0000009318900000)]
  0x000002593c77b340 JavaThread "Sweeper thread" daemon [_thread_blocked, id=27020, stack(0x0000009318900000,0x0000009318a00000)]
  0x000002593c93ce50 JavaThread "C1 CompilerThread1" daemon [_thread_in_native, id=20040, stack(0x0000009318a00000,0x0000009318b00000)]
  0x000002593ca4bf70 JavaThread "JDWP Transport Listener: dt_socket" daemon [_thread_blocked, id=12080, stack(0x0000009318c00000,0x0000009318d00000)]
  0x000002593ca5b1b0 JavaThread "JDWP Event Helper Thread" daemon [_thread_blocked, id=5676, stack(0x0000009318d00000,0x0000009318e00000)]
  0x000002593ca5beb0 JavaThread "JDWP Command Reader" daemon [_thread_in_native, id=23632, stack(0x0000009318e00000,0x0000009318f00000)]
  0x000002593ca69020 JavaThread "Notification Thread" daemon [_thread_blocked, id=7960, stack(0x0000009318f00000,0x0000009319000000)]
  0x000002593ca63880 JavaThread "Common-Cleaner" daemon [_thread_blocked, id=31416, stack(0x0000009319100000,0x0000009319200000)]
  0x000002597e51c230 JavaThread "/127.0.0.1:13149 to /127.0.0.1:13147 workers" [_thread_blocked, id=31020, stack(0x0000009319500000,0x0000009319600000)]
  0x000002597e561e30 JavaThread "/127.0.0.1:13149 to /127.0.0.1:13147 workers Thread 2" [_thread_blocked, id=16720, stack(0x0000009319600000,0x0000009319700000)]
  0x000002597e562300 JavaThread "/127.0.0.1:13149 to /127.0.0.1:13147 workers Thread 3" [_thread_in_native, id=31116, stack(0x0000009319700000,0x0000009319800000)]
  0x000002597ec4f860 JavaThread "Forwarding get on session 070bf33a6b13cbc10c1931b68d9beeb4 to remote" daemon [_thread_blocked, id=21936, stack(0x0000009319200000,0x0000009319300000)]
  0x000002597f5605c0 JavaThread "HttpClient-1-SelectorManager" daemon [_thread_in_native, id=26640, stack(0x000000931a700000,0x000000931a800000)]
  0x000002597f2f5510 JavaThread "External Process Output Forwarder - C:\Users\RavvCheck1\.cache\selenium\chromedriver\win64\136.0.7103.92\chromedriver.exe" daemon [_thread_in_native, id=30420, stack(0x000000931a800000,0x000000931a900000)]
  0x000002597ebaa680 JavaThread "Driver Service Executor" daemon [_thread_blocked, id=16224, stack(0x000000931a900000,0x000000931aa00000)]
  0x000002597ebaab50 JavaThread "Driver Service Executor" daemon [_thread_in_native, id=17436, stack(0x000000931aa00000,0x000000931ab00000)]
  0x000002597ebab020 JavaThread "UrlChecker-2" daemon [_thread_blocked, id=27128, stack(0x000000931ab00000,0x000000931ac00000)]
  0x000002597eba84d0 JavaThread "Keep-Alive-Timer" daemon [_thread_blocked, id=28164, stack(0x000000931a600000,0x000000931a700000)]
  0x000002597eba8e70 JavaThread "JdkHttpClient-0-0" daemon [_thread_blocked, id=22580, stack(0x000000931ac00000,0x000000931ad00000)]
  0x000002597ebaa1b0 JavaThread "CompletableFutureDelayScheduler" daemon [_thread_blocked, id=21824, stack(0x000000931ad00000,0x000000931ae00000)]
  0x000002597ebab9c0 JavaThread "JdkHttpClient-0-1" daemon [_thread_blocked, id=15116, stack(0x000000931ae00000,0x000000931af00000)]
  0x000002597eba9340 JavaThread "JdkHttpClient-0-2" daemon [_thread_blocked, id=14920, stack(0x000000931af00000,0x000000931b000000)]
  0x000002597eba8000 JavaThread "JdkHttpClient-0-3" daemon [_thread_blocked, id=25072, stack(0x000000931b000000,0x000000931b100000)]
  0x000002597eba89a0 JavaThread "HttpClient-2-SelectorManager" daemon [_thread_in_native, id=31172, stack(0x0000009319300000,0x0000009319400000)]
  0x000002597eba9810 JavaThread "JdkHttpClient-1-0" daemon [_thread_blocked, id=31604, stack(0x000000931a500000,0x000000931a600000)]
  0x000002597f534740 JavaThread "JdkHttpClient-1-1" daemon [_thread_blocked, id=30860, stack(0x000000931b100000,0x000000931b200000)]
  0x000002597f537c30 JavaThread "JdkHttpClient-1-2" daemon [_thread_blocked, id=30820, stack(0x000000931b200000,0x000000931b300000)]
  0x000002597f538aa0 JavaThread "JdkHttpClient-1-3" daemon [_thread_blocked, id=30844, stack(0x000000931b300000,0x000000931b400000)]
  0x000002597f532f30 JavaThread "HttpClient-3-SelectorManager" daemon [_thread_in_native, id=3076, stack(0x000000931b400000,0x000000931b500000)]
  0x000002597f537290 JavaThread "External Process Output Forwarder - C:\Users\RavvCheck1\.cache\selenium\geckodriver\win64\0.36.0\geckodriver.exe" daemon [_thread_in_native, id=30832, stack(0x000000931b500000,0x000000931b600000)]
  0x000002597f5320c0 JavaThread "Driver Service Executor" daemon [_thread_blocked, id=17000, stack(0x000000931b600000,0x000000931b700000)]
  0x000002597f535f50 JavaThread "Driver Service Executor" daemon [_thread_in_native, id=24780, stack(0x000000931b700000,0x000000931b800000)]
  0x000002597f532590 JavaThread "JdkHttpClient-2-0" daemon [_thread_blocked, id=30876, stack(0x000000931b800000,0x000000931b900000)]
  0x000002597f536420 JavaThread "JdkHttpClient-2-1" daemon [_thread_blocked, id=27404, stack(0x000000931b900000,0x000000931ba00000)]
  0x000002597f537760 JavaThread "JdkHttpClient-2-2" daemon [_thread_blocked, id=30792, stack(0x000000931ba00000,0x000000931bb00000)]
  0x000002597f538100 JavaThread "JdkHttpClient-2-3" daemon [_thread_blocked, id=17784, stack(0x000000931bb00000,0x000000931bc00000)]
  0x000002597f533400 JavaThread "ForkJoinPool.commonPool-worker-2" daemon [_thread_blocked, id=6232, stack(0x0000009318b00000,0x0000009318c00000)]

Other Threads:
  0x000002593c750490 VMThread "VM Thread" [stack: 0x0000009318000000,0x0000009318100000] [id=14512]
  0x000002593ca65fb0 WatcherThread [stack: 0x0000009319000000,0x0000009319100000] [id=20572]
  0x00000259213e6820 GCTaskThread "GC Thread#0" [stack: 0x0000009317b00000,0x0000009317c00000] [id=21416]
  0x000002597ec0ec10 GCTaskThread "GC Thread#1" [stack: 0x0000009319800000,0x0000009319900000] [id=22508]
  0x000002597f077060 GCTaskThread "GC Thread#2" [stack: 0x0000009319900000,0x0000009319a00000] [id=25608]
  0x000002597f077310 GCTaskThread "GC Thread#3" [stack: 0x0000009319a00000,0x0000009319b00000] [id=31380]
  0x000002597e486c20 GCTaskThread "GC Thread#4" [stack: 0x0000009319b00000,0x0000009319c00000] [id=3316]
  0x000002597e486ed0 GCTaskThread "GC Thread#5" [stack: 0x0000009319c00000,0x0000009319d00000] [id=31376]
  0x000002597ecf8020 GCTaskThread "GC Thread#6" [stack: 0x0000009319d00000,0x0000009319e00000] [id=5832]
  0x000002597ecf82d0 GCTaskThread "GC Thread#7" [stack: 0x0000009319e00000,0x0000009319f00000] [id=11364]
  0x000002597ec9f870 GCTaskThread "GC Thread#8" [stack: 0x0000009319f00000,0x000000931a000000] [id=31176]
  0x000002597ec1f3c0 GCTaskThread "GC Thread#9" [stack: 0x000000931a000000,0x000000931a100000] [id=1492]
  0x000002597f07fcb0 GCTaskThread "GC Thread#10" [stack: 0x000000931a100000,0x000000931a200000] [id=31728]
  0x000002597f07ff60 GCTaskThread "GC Thread#11" [stack: 0x000000931a200000,0x000000931a300000] [id=30736]
  0x000002597ec1b530 GCTaskThread "GC Thread#12" [stack: 0x000000931a300000,0x000000931a400000] [id=9452]
  0x00000259213eb760 ConcurrentGCThread "G1 Main Marker" [stack: 0x0000009317c00000,0x0000009317d00000] [id=10848]
  0x00000259213ed180 ConcurrentGCThread "G1 Conc#0" [stack: 0x0000009317d00000,0x0000009317e00000] [id=23284]
  0x000002592147ec40 ConcurrentGCThread "G1 Refine#0" [stack: 0x0000009317e00000,0x0000009317f00000] [id=26404]
  0x000002597ec1b7e0 ConcurrentGCThread "G1 Refine#1" [stack: 0x000000931a400000,0x000000931a500000] [id=31120]
  0x000002593c618c60 ConcurrentGCThread "G1 Service" [stack: 0x0000009317f00000,0x0000009318000000] [id=24676]

Threads with active compile tasks:
C2 CompilerThread0     6322 2330       4       java.io.DataInputStream::readUTF (501 bytes)
C1 CompilerThread1     6322 2347       3       java.lang.Class::methodToString (78 bytes)

VM state: not at safepoint (normal execution)

VM Mutex/Monitor currently owned by a thread: None

Heap address: 0x00000000e0000000, size: 512 MB, Compressed Oops mode: 32-bit

CDS archive(s) mapped at: [0x000002593d000000-0x000002593dbd0000-0x000002593dbd0000), size 12386304, SharedBaseAddress: 0x000002593d000000, ArchiveRelocationMode: 1.
Compressed class space mapped at: 0x000002593e000000-0x000002597e000000, reserved size: 1073741824
Narrow klass base: 0x000002593d000000, Narrow klass shift: 0, Narrow klass range: 0x100000000

GC Precious Log:
 CPUs: 16 total, 16 available
 Memory: 16108M
 Large Page Support: Disabled
 NUMA Support: Disabled
 Compressed Oops: Enabled (32-bit)
 Heap Region Size: 1M
 Heap Min Capacity: 8M
 Heap Initial Capacity: 252M
 Heap Max Capacity: 512M
 Pre-touch: Disabled
 Parallel Workers: 13
 Concurrent Workers: 3
 Concurrent Refinement Workers: 13
 Periodic GC: Disabled

Heap:
 garbage-first heap   total 258048K, used 15663K [0x00000000e0000000, 0x0000000100000000)
  region size 1024K, 10 young (10240K), 3 survivors (3072K)
 Metaspace       used 16467K, committed 16768K, reserved 1114112K
  class space    used 2199K, committed 2304K, reserved 1048576K

Heap Regions: E=young(eden), S=young(survivor), O=old, HS=humongous(starts), HC=humongous(continues), CS=collection set, F=free, OA=open archive, CA=closed archive, TAMS=top-at-mark-start (previous, next)
|   0|0x00000000e0000000, 0x00000000e0100000, 0x00000000e0100000|100%|HS|  |TAMS 0x00000000e0000000, 0x00000000e0000000| Complete 
|   1|0x00000000e0100000, 0x00000000e0200000, 0x00000000e0200000|100%| O|  |TAMS 0x00000000e0100000, 0x00000000e0100000| Untracked 
|   2|0x00000000e0200000, 0x00000000e0300000, 0x00000000e0300000|100%| O|  |TAMS 0x00000000e0200000, 0x00000000e0200000| Untracked 
|   3|0x00000000e0300000, 0x00000000e0400000, 0x00000000e0400000|100%| O|  |TAMS 0x00000000e0300000, 0x00000000e0300000| Untracked 
|   4|0x00000000e0400000, 0x00000000e0500000, 0x00000000e0500000|100%| O|  |TAMS 0x00000000e0400000, 0x00000000e0400000| Untracked 
|   5|0x00000000e0500000, 0x00000000e0600000, 0x00000000e0600000|100%| O|  |TAMS 0x00000000e0500000, 0x00000000e0500000| Untracked 
|   6|0x00000000e0600000, 0x00000000e0667e00, 0x00000000e0700000| 40%| O|  |TAMS 0x00000000e0600000, 0x00000000e0600000| Untracked 
|   7|0x00000000e0700000, 0x00000000e0700000, 0x00000000e0800000|  0%| F|  |TAMS 0x00000000e0700000, 0x00000000e0700000| Untracked 
|   8|0x00000000e0800000, 0x00000000e0800000, 0x00000000e0900000|  0%| F|  |TAMS 0x00000000e0800000, 0x00000000e0800000| Untracked 
|   9|0x00000000e0900000, 0x00000000e0900000, 0x00000000e0a00000|  0%| F|  |TAMS 0x00000000e0900000, 0x00000000e0900000| Untracked 
|  10|0x00000000e0a00000, 0x00000000e0a00000, 0x00000000e0b00000|  0%| F|  |TAMS 0x00000000e0a00000, 0x00000000e0a00000| Untracked 
|  11|0x00000000e0b00000, 0x00000000e0b00000, 0x00000000e0c00000|  0%| F|  |TAMS 0x00000000e0b00000, 0x00000000e0b00000| Untracked 
|  12|0x00000000e0c00000, 0x00000000e0c00000, 0x00000000e0d00000|  0%| F|  |TAMS 0x00000000e0c00000, 0x00000000e0c00000| Untracked 
|  13|0x00000000e0d00000, 0x00000000e0d00000, 0x00000000e0e00000|  0%| F|  |TAMS 0x00000000e0d00000, 0x00000000e0d00000| Untracked 
|  14|0x00000000e0e00000, 0x00000000e0e00000, 0x00000000e0f00000|  0%| F|  |TAMS 0x00000000e0e00000, 0x00000000e0e00000| Untracked 
|  15|0x00000000e0f00000, 0x00000000e0f00000, 0x00000000e1000000|  0%| F|  |TAMS 0x00000000e0f00000, 0x00000000e0f00000| Untracked 
|  16|0x00000000e1000000, 0x00000000e1000000, 0x00000000e1100000|  0%| F|  |TAMS 0x00000000e1000000, 0x00000000e1000000| Untracked 
|  17|0x00000000e1100000, 0x00000000e1100000, 0x00000000e1200000|  0%| F|  |TAMS 0x00000000e1100000, 0x00000000e1100000| Untracked 
|  18|0x00000000e1200000, 0x00000000e1200000, 0x00000000e1300000|  0%| F|  |TAMS 0x00000000e1200000, 0x00000000e1200000| Untracked 
|  19|0x00000000e1300000, 0x00000000e1300000, 0x00000000e1400000|  0%| F|  |TAMS 0x00000000e1300000, 0x00000000e1300000| Untracked 
|  20|0x00000000e1400000, 0x00000000e1400000, 0x00000000e1500000|  0%| F|  |TAMS 0x00000000e1400000, 0x00000000e1400000| Untracked 
|  21|0x00000000e1500000, 0x00000000e1500000, 0x00000000e1600000|  0%| F|  |TAMS 0x00000000e1500000, 0x00000000e1500000| Untracked 
|  22|0x00000000e1600000, 0x00000000e1600000, 0x00000000e1700000|  0%| F|  |TAMS 0x00000000e1600000, 0x00000000e1600000| Untracked 
|  23|0x00000000e1700000, 0x00000000e1700000, 0x00000000e1800000|  0%| F|  |TAMS 0x00000000e1700000, 0x00000000e1700000| Untracked 
|  24|0x00000000e1800000, 0x00000000e1800000, 0x00000000e1900000|  0%| F|  |TAMS 0x00000000e1800000, 0x00000000e1800000| Untracked 
|  25|0x00000000e1900000, 0x00000000e1900000, 0x00000000e1a00000|  0%| F|  |TAMS 0x00000000e1900000, 0x00000000e1900000| Untracked 
|  26|0x00000000e1a00000, 0x00000000e1a00000, 0x00000000e1b00000|  0%| F|  |TAMS 0x00000000e1a00000, 0x00000000e1a00000| Untracked 
|  27|0x00000000e1b00000, 0x00000000e1b00000, 0x00000000e1c00000|  0%| F|  |TAMS 0x00000000e1b00000, 0x00000000e1b00000| Untracked 
|  28|0x00000000e1c00000, 0x00000000e1c00000, 0x00000000e1d00000|  0%| F|  |TAMS 0x00000000e1c00000, 0x00000000e1c00000| Untracked 
|  29|0x00000000e1d00000, 0x00000000e1d00000, 0x00000000e1e00000|  0%| F|  |TAMS 0x00000000e1d00000, 0x00000000e1d00000| Untracked 
|  30|0x00000000e1e00000, 0x00000000e1e00000, 0x00000000e1f00000|  0%| F|  |TAMS 0x00000000e1e00000, 0x00000000e1e00000| Untracked 
|  31|0x00000000e1f00000, 0x00000000e1f00000, 0x00000000e2000000|  0%| F|  |TAMS 0x00000000e1f00000, 0x00000000e1f00000| Untracked 
|  32|0x00000000e2000000, 0x00000000e2000000, 0x00000000e2100000|  0%| F|  |TAMS 0x00000000e2000000, 0x00000000e2000000| Untracked 
|  33|0x00000000e2100000, 0x00000000e2100000, 0x00000000e2200000|  0%| F|  |TAMS 0x00000000e2100000, 0x00000000e2100000| Untracked 
|  34|0x00000000e2200000, 0x00000000e2200000, 0x00000000e2300000|  0%| F|  |TAMS 0x00000000e2200000, 0x00000000e2200000| Untracked 
|  35|0x00000000e2300000, 0x00000000e2300000, 0x00000000e2400000|  0%| F|  |TAMS 0x00000000e2300000, 0x00000000e2300000| Untracked 
|  36|0x00000000e2400000, 0x00000000e2400000, 0x00000000e2500000|  0%| F|  |TAMS 0x00000000e2400000, 0x00000000e2400000| Untracked 
|  37|0x00000000e2500000, 0x00000000e2500000, 0x00000000e2600000|  0%| F|  |TAMS 0x00000000e2500000, 0x00000000e2500000| Untracked 
|  38|0x00000000e2600000, 0x00000000e2600000, 0x00000000e2700000|  0%| F|  |TAMS 0x00000000e2600000, 0x00000000e2600000| Untracked 
|  39|0x00000000e2700000, 0x00000000e2700000, 0x00000000e2800000|  0%| F|  |TAMS 0x00000000e2700000, 0x00000000e2700000| Untracked 
|  40|0x00000000e2800000, 0x00000000e2800000, 0x00000000e2900000|  0%| F|  |TAMS 0x00000000e2800000, 0x00000000e2800000| Untracked 
|  41|0x00000000e2900000, 0x00000000e2900000, 0x00000000e2a00000|  0%| F|  |TAMS 0x00000000e2900000, 0x00000000e2900000| Untracked 
|  42|0x00000000e2a00000, 0x00000000e2a00000, 0x00000000e2b00000|  0%| F|  |TAMS 0x00000000e2a00000, 0x00000000e2a00000| Untracked 
|  43|0x00000000e2b00000, 0x00000000e2b00000, 0x00000000e2c00000|  0%| F|  |TAMS 0x00000000e2b00000, 0x00000000e2b00000| Untracked 
|  44|0x00000000e2c00000, 0x00000000e2c00000, 0x00000000e2d00000|  0%| F|  |TAMS 0x00000000e2c00000, 0x00000000e2c00000| Untracked 
|  45|0x00000000e2d00000, 0x00000000e2d00000, 0x00000000e2e00000|  0%| F|  |TAMS 0x00000000e2d00000, 0x00000000e2d00000| Untracked 
|  46|0x00000000e2e00000, 0x00000000e2e00000, 0x00000000e2f00000|  0%| F|  |TAMS 0x00000000e2e00000, 0x00000000e2e00000| Untracked 
|  47|0x00000000e2f00000, 0x00000000e2f00000, 0x00000000e3000000|  0%| F|  |TAMS 0x00000000e2f00000, 0x00000000e2f00000| Untracked 
|  48|0x00000000e3000000, 0x00000000e3000000, 0x00000000e3100000|  0%| F|  |TAMS 0x00000000e3000000, 0x00000000e3000000| Untracked 
|  49|0x00000000e3100000, 0x00000000e3100000, 0x00000000e3200000|  0%| F|  |TAMS 0x00000000e3100000, 0x00000000e3100000| Untracked 
|  50|0x00000000e3200000, 0x00000000e3200000, 0x00000000e3300000|  0%| F|  |TAMS 0x00000000e3200000, 0x00000000e3200000| Untracked 
|  51|0x00000000e3300000, 0x00000000e3300000, 0x00000000e3400000|  0%| F|  |TAMS 0x00000000e3300000, 0x00000000e3300000| Untracked 
|  52|0x00000000e3400000, 0x00000000e3400000, 0x00000000e3500000|  0%| F|  |TAMS 0x00000000e3400000, 0x00000000e3400000| Untracked 
|  53|0x00000000e3500000, 0x00000000e3500000, 0x00000000e3600000|  0%| F|  |TAMS 0x00000000e3500000, 0x00000000e3500000| Untracked 
|  54|0x00000000e3600000, 0x00000000e3600000, 0x00000000e3700000|  0%| F|  |TAMS 0x00000000e3600000, 0x00000000e3600000| Untracked 
|  55|0x00000000e3700000, 0x00000000e3700000, 0x00000000e3800000|  0%| F|  |TAMS 0x00000000e3700000, 0x00000000e3700000| Untracked 
|  56|0x00000000e3800000, 0x00000000e3800000, 0x00000000e3900000|  0%| F|  |TAMS 0x00000000e3800000, 0x00000000e3800000| Untracked 
|  57|0x00000000e3900000, 0x00000000e3900000, 0x00000000e3a00000|  0%| F|  |TAMS 0x00000000e3900000, 0x00000000e3900000| Untracked 
|  58|0x00000000e3a00000, 0x00000000e3a00000, 0x00000000e3b00000|  0%| F|  |TAMS 0x00000000e3a00000, 0x00000000e3a00000| Untracked 
|  59|0x00000000e3b00000, 0x00000000e3b00000, 0x00000000e3c00000|  0%| F|  |TAMS 0x00000000e3b00000, 0x00000000e3b00000| Untracked 
|  60|0x00000000e3c00000, 0x00000000e3c00000, 0x00000000e3d00000|  0%| F|  |TAMS 0x00000000e3c00000, 0x00000000e3c00000| Untracked 
|  61|0x00000000e3d00000, 0x00000000e3d00000, 0x00000000e3e00000|  0%| F|  |TAMS 0x00000000e3d00000, 0x00000000e3d00000| Untracked 
|  62|0x00000000e3e00000, 0x00000000e3e00000, 0x00000000e3f00000|  0%| F|  |TAMS 0x00000000e3e00000, 0x00000000e3e00000| Untracked 
|  63|0x00000000e3f00000, 0x00000000e3f00000, 0x00000000e4000000|  0%| F|  |TAMS 0x00000000e3f00000, 0x00000000e3f00000| Untracked 
|  64|0x00000000e4000000, 0x00000000e4000000, 0x00000000e4100000|  0%| F|  |TAMS 0x00000000e4000000, 0x00000000e4000000| Untracked 
|  65|0x00000000e4100000, 0x00000000e4100000, 0x00000000e4200000|  0%| F|  |TAMS 0x00000000e4100000, 0x00000000e4100000| Untracked 
|  66|0x00000000e4200000, 0x00000000e4200000, 0x00000000e4300000|  0%| F|  |TAMS 0x00000000e4200000, 0x00000000e4200000| Untracked 
|  67|0x00000000e4300000, 0x00000000e4300000, 0x00000000e4400000|  0%| F|  |TAMS 0x00000000e4300000, 0x00000000e4300000| Untracked 
|  68|0x00000000e4400000, 0x00000000e4400000, 0x00000000e4500000|  0%| F|  |TAMS 0x00000000e4400000, 0x00000000e4400000| Untracked 
|  69|0x00000000e4500000, 0x00000000e4500000, 0x00000000e4600000|  0%| F|  |TAMS 0x00000000e4500000, 0x00000000e4500000| Untracked 
|  70|0x00000000e4600000, 0x00000000e4600000, 0x00000000e4700000|  0%| F|  |TAMS 0x00000000e4600000, 0x00000000e4600000| Untracked 
|  71|0x00000000e4700000, 0x00000000e4700000, 0x00000000e4800000|  0%| F|  |TAMS 0x00000000e4700000, 0x00000000e4700000| Untracked 
|  72|0x00000000e4800000, 0x00000000e4800000, 0x00000000e4900000|  0%| F|  |TAMS 0x00000000e4800000, 0x00000000e4800000| Untracked 
|  73|0x00000000e4900000, 0x00000000e4900000, 0x00000000e4a00000|  0%| F|  |TAMS 0x00000000e4900000, 0x00000000e4900000| Untracked 
|  74|0x00000000e4a00000, 0x00000000e4a00000, 0x00000000e4b00000|  0%| F|  |TAMS 0x00000000e4a00000, 0x00000000e4a00000| Untracked 
|  75|0x00000000e4b00000, 0x00000000e4b00000, 0x00000000e4c00000|  0%| F|  |TAMS 0x00000000e4b00000, 0x00000000e4b00000| Untracked 
|  76|0x00000000e4c00000, 0x00000000e4c00000, 0x00000000e4d00000|  0%| F|  |TAMS 0x00000000e4c00000, 0x00000000e4c00000| Untracked 
|  77|0x00000000e4d00000, 0x00000000e4d00000, 0x00000000e4e00000|  0%| F|  |TAMS 0x00000000e4d00000, 0x00000000e4d00000| Untracked 
|  78|0x00000000e4e00000, 0x00000000e4e00000, 0x00000000e4f00000|  0%| F|  |TAMS 0x00000000e4e00000, 0x00000000e4e00000| Untracked 
|  79|0x00000000e4f00000, 0x00000000e4f00000, 0x00000000e5000000|  0%| F|  |TAMS 0x00000000e4f00000, 0x00000000e4f00000| Untracked 
|  80|0x00000000e5000000, 0x00000000e5000000, 0x00000000e5100000|  0%| F|  |TAMS 0x00000000e5000000, 0x00000000e5000000| Untracked 
|  81|0x00000000e5100000, 0x00000000e5100000, 0x00000000e5200000|  0%| F|  |TAMS 0x00000000e5100000, 0x00000000e5100000| Untracked 
|  82|0x00000000e5200000, 0x00000000e5200000, 0x00000000e5300000|  0%| F|  |TAMS 0x00000000e5200000, 0x00000000e5200000| Untracked 
|  83|0x00000000e5300000, 0x00000000e5300000, 0x00000000e5400000|  0%| F|  |TAMS 0x00000000e5300000, 0x00000000e5300000| Untracked 
|  84|0x00000000e5400000, 0x00000000e5400000, 0x00000000e5500000|  0%| F|  |TAMS 0x00000000e5400000, 0x00000000e5400000| Untracked 
|  85|0x00000000e5500000, 0x00000000e5500000, 0x00000000e5600000|  0%| F|  |TAMS 0x00000000e5500000, 0x00000000e5500000| Untracked 
|  86|0x00000000e5600000, 0x00000000e5600000, 0x00000000e5700000|  0%| F|  |TAMS 0x00000000e5600000, 0x00000000e5600000| Untracked 
|  87|0x00000000e5700000, 0x00000000e5700000, 0x00000000e5800000|  0%| F|  |TAMS 0x00000000e5700000, 0x00000000e5700000| Untracked 
|  88|0x00000000e5800000, 0x00000000e5800000, 0x00000000e5900000|  0%| F|  |TAMS 0x00000000e5800000, 0x00000000e5800000| Untracked 
|  89|0x00000000e5900000, 0x00000000e5900000, 0x00000000e5a00000|  0%| F|  |TAMS 0x00000000e5900000, 0x00000000e5900000| Untracked 
|  90|0x00000000e5a00000, 0x00000000e5a00000, 0x00000000e5b00000|  0%| F|  |TAMS 0x00000000e5a00000, 0x00000000e5a00000| Untracked 
|  91|0x00000000e5b00000, 0x00000000e5b00000, 0x00000000e5c00000|  0%| F|  |TAMS 0x00000000e5b00000, 0x00000000e5b00000| Untracked 
|  92|0x00000000e5c00000, 0x00000000e5c00000, 0x00000000e5d00000|  0%| F|  |TAMS 0x00000000e5c00000, 0x00000000e5c00000| Untracked 
|  93|0x00000000e5d00000, 0x00000000e5d00000, 0x00000000e5e00000|  0%| F|  |TAMS 0x00000000e5d00000, 0x00000000e5d00000| Untracked 
|  94|0x00000000e5e00000, 0x00000000e5e00000, 0x00000000e5f00000|  0%| F|  |TAMS 0x00000000e5e00000, 0x00000000e5e00000| Untracked 
|  95|0x00000000e5f00000, 0x00000000e5f00000, 0x00000000e6000000|  0%| F|  |TAMS 0x00000000e5f00000, 0x00000000e5f00000| Untracked 
|  96|0x00000000e6000000, 0x00000000e6000000, 0x00000000e6100000|  0%| F|  |TAMS 0x00000000e6000000, 0x00000000e6000000| Untracked 
|  97|0x00000000e6100000, 0x00000000e6100000, 0x00000000e6200000|  0%| F|  |TAMS 0x00000000e6100000, 0x00000000e6100000| Untracked 
|  98|0x00000000e6200000, 0x00000000e6200000, 0x00000000e6300000|  0%| F|  |TAMS 0x00000000e6200000, 0x00000000e6200000| Untracked 
|  99|0x00000000e6300000, 0x00000000e6300000, 0x00000000e6400000|  0%| F|  |TAMS 0x00000000e6300000, 0x00000000e6300000| Untracked 
| 100|0x00000000e6400000, 0x00000000e6400000, 0x00000000e6500000|  0%| F|  |TAMS 0x00000000e6400000, 0x00000000e6400000| Untracked 
| 101|0x00000000e6500000, 0x00000000e6500000, 0x00000000e6600000|  0%| F|  |TAMS 0x00000000e6500000, 0x00000000e6500000| Untracked 
| 102|0x00000000e6600000, 0x00000000e6600000, 0x00000000e6700000|  0%| F|  |TAMS 0x00000000e6600000, 0x00000000e6600000| Untracked 
| 103|0x00000000e6700000, 0x00000000e6700000, 0x00000000e6800000|  0%| F|  |TAMS 0x00000000e6700000, 0x00000000e6700000| Untracked 
| 104|0x00000000e6800000, 0x00000000e6800000, 0x00000000e6900000|  0%| F|  |TAMS 0x00000000e6800000, 0x00000000e6800000| Untracked 
| 105|0x00000000e6900000, 0x00000000e6900000, 0x00000000e6a00000|  0%| F|  |TAMS 0x00000000e6900000, 0x00000000e6900000| Untracked 
| 106|0x00000000e6a00000, 0x00000000e6a00000, 0x00000000e6b00000|  0%| F|  |TAMS 0x00000000e6a00000, 0x00000000e6a00000| Untracked 
| 107|0x00000000e6b00000, 0x00000000e6b00000, 0x00000000e6c00000|  0%| F|  |TAMS 0x00000000e6b00000, 0x00000000e6b00000| Untracked 
| 108|0x00000000e6c00000, 0x00000000e6c00000, 0x00000000e6d00000|  0%| F|  |TAMS 0x00000000e6c00000, 0x00000000e6c00000| Untracked 
| 109|0x00000000e6d00000, 0x00000000e6d00000, 0x00000000e6e00000|  0%| F|  |TAMS 0x00000000e6d00000, 0x00000000e6d00000| Untracked 
| 110|0x00000000e6e00000, 0x00000000e6e00000, 0x00000000e6f00000|  0%| F|  |TAMS 0x00000000e6e00000, 0x00000000e6e00000| Untracked 
| 111|0x00000000e6f00000, 0x00000000e6f00000, 0x00000000e7000000|  0%| F|  |TAMS 0x00000000e6f00000, 0x00000000e6f00000| Untracked 
| 112|0x00000000e7000000, 0x00000000e7000000, 0x00000000e7100000|  0%| F|  |TAMS 0x00000000e7000000, 0x00000000e7000000| Untracked 
| 113|0x00000000e7100000, 0x00000000e7100000, 0x00000000e7200000|  0%| F|  |TAMS 0x00000000e7100000, 0x00000000e7100000| Untracked 
| 114|0x00000000e7200000, 0x00000000e7200000, 0x00000000e7300000|  0%| F|  |TAMS 0x00000000e7200000, 0x00000000e7200000| Untracked 
| 115|0x00000000e7300000, 0x00000000e7300000, 0x00000000e7400000|  0%| F|  |TAMS 0x00000000e7300000, 0x00000000e7300000| Untracked 
| 116|0x00000000e7400000, 0x00000000e7400000, 0x00000000e7500000|  0%| F|  |TAMS 0x00000000e7400000, 0x00000000e7400000| Untracked 
| 117|0x00000000e7500000, 0x00000000e7500000, 0x00000000e7600000|  0%| F|  |TAMS 0x00000000e7500000, 0x00000000e7500000| Untracked 
| 118|0x00000000e7600000, 0x00000000e7600000, 0x00000000e7700000|  0%| F|  |TAMS 0x00000000e7600000, 0x00000000e7600000| Untracked 
| 119|0x00000000e7700000, 0x00000000e7700000, 0x00000000e7800000|  0%| F|  |TAMS 0x00000000e7700000, 0x00000000e7700000| Untracked 
| 120|0x00000000e7800000, 0x00000000e7800000, 0x00000000e7900000|  0%| F|  |TAMS 0x00000000e7800000, 0x00000000e7800000| Untracked 
| 121|0x00000000e7900000, 0x00000000e7900000, 0x00000000e7a00000|  0%| F|  |TAMS 0x00000000e7900000, 0x00000000e7900000| Untracked 
| 122|0x00000000e7a00000, 0x00000000e7a00000, 0x00000000e7b00000|  0%| F|  |TAMS 0x00000000e7a00000, 0x00000000e7a00000| Untracked 
| 123|0x00000000e7b00000, 0x00000000e7b00000, 0x00000000e7c00000|  0%| F|  |TAMS 0x00000000e7b00000, 0x00000000e7b00000| Untracked 
| 124|0x00000000e7c00000, 0x00000000e7c00000, 0x00000000e7d00000|  0%| F|  |TAMS 0x00000000e7c00000, 0x00000000e7c00000| Untracked 
| 125|0x00000000e7d00000, 0x00000000e7d00000, 0x00000000e7e00000|  0%| F|  |TAMS 0x00000000e7d00000, 0x00000000e7d00000| Untracked 
| 126|0x00000000e7e00000, 0x00000000e7e00000, 0x00000000e7f00000|  0%| F|  |TAMS 0x00000000e7e00000, 0x00000000e7e00000| Untracked 
| 127|0x00000000e7f00000, 0x00000000e7f00000, 0x00000000e8000000|  0%| F|  |TAMS 0x00000000e7f00000, 0x00000000e7f00000| Untracked 
| 128|0x00000000e8000000, 0x00000000e8000000, 0x00000000e8100000|  0%| F|  |TAMS 0x00000000e8000000, 0x00000000e8000000| Untracked 
| 129|0x00000000e8100000, 0x00000000e8100000, 0x00000000e8200000|  0%| F|  |TAMS 0x00000000e8100000, 0x00000000e8100000| Untracked 
| 130|0x00000000e8200000, 0x00000000e8200000, 0x00000000e8300000|  0%| F|  |TAMS 0x00000000e8200000, 0x00000000e8200000| Untracked 
| 131|0x00000000e8300000, 0x00000000e8300000, 0x00000000e8400000|  0%| F|  |TAMS 0x00000000e8300000, 0x00000000e8300000| Untracked 
| 132|0x00000000e8400000, 0x00000000e8400000, 0x00000000e8500000|  0%| F|  |TAMS 0x00000000e8400000, 0x00000000e8400000| Untracked 
| 133|0x00000000e8500000, 0x00000000e8500000, 0x00000000e8600000|  0%| F|  |TAMS 0x00000000e8500000, 0x00000000e8500000| Untracked 
| 134|0x00000000e8600000, 0x00000000e8600000, 0x00000000e8700000|  0%| F|  |TAMS 0x00000000e8600000, 0x00000000e8600000| Untracked 
| 135|0x00000000e8700000, 0x00000000e8700000, 0x00000000e8800000|  0%| F|  |TAMS 0x00000000e8700000, 0x00000000e8700000| Untracked 
| 136|0x00000000e8800000, 0x00000000e8800000, 0x00000000e8900000|  0%| F|  |TAMS 0x00000000e8800000, 0x00000000e8800000| Untracked 
| 137|0x00000000e8900000, 0x00000000e8900000, 0x00000000e8a00000|  0%| F|  |TAMS 0x00000000e8900000, 0x00000000e8900000| Untracked 
| 138|0x00000000e8a00000, 0x00000000e8a00000, 0x00000000e8b00000|  0%| F|  |TAMS 0x00000000e8a00000, 0x00000000e8a00000| Untracked 
| 139|0x00000000e8b00000, 0x00000000e8b00000, 0x00000000e8c00000|  0%| F|  |TAMS 0x00000000e8b00000, 0x00000000e8b00000| Untracked 
| 140|0x00000000e8c00000, 0x00000000e8c00000, 0x00000000e8d00000|  0%| F|  |TAMS 0x00000000e8c00000, 0x00000000e8c00000| Untracked 
| 141|0x00000000e8d00000, 0x00000000e8d00000, 0x00000000e8e00000|  0%| F|  |TAMS 0x00000000e8d00000, 0x00000000e8d00000| Untracked 
| 142|0x00000000e8e00000, 0x00000000e8e00000, 0x00000000e8f00000|  0%| F|  |TAMS 0x00000000e8e00000, 0x00000000e8e00000| Untracked 
| 143|0x00000000e8f00000, 0x00000000e8f00000, 0x00000000e9000000|  0%| F|  |TAMS 0x00000000e8f00000, 0x00000000e8f00000| Untracked 
| 144|0x00000000e9000000, 0x00000000e9000000, 0x00000000e9100000|  0%| F|  |TAMS 0x00000000e9000000, 0x00000000e9000000| Untracked 
| 145|0x00000000e9100000, 0x00000000e9100000, 0x00000000e9200000|  0%| F|  |TAMS 0x00000000e9100000, 0x00000000e9100000| Untracked 
| 146|0x00000000e9200000, 0x00000000e9200000, 0x00000000e9300000|  0%| F|  |TAMS 0x00000000e9200000, 0x00000000e9200000| Untracked 
| 147|0x00000000e9300000, 0x00000000e9300000, 0x00000000e9400000|  0%| F|  |TAMS 0x00000000e9300000, 0x00000000e9300000| Untracked 
| 148|0x00000000e9400000, 0x00000000e9400000, 0x00000000e9500000|  0%| F|  |TAMS 0x00000000e9400000, 0x00000000e9400000| Untracked 
| 149|0x00000000e9500000, 0x00000000e9500000, 0x00000000e9600000|  0%| F|  |TAMS 0x00000000e9500000, 0x00000000e9500000| Untracked 
| 150|0x00000000e9600000, 0x00000000e9600000, 0x00000000e9700000|  0%| F|  |TAMS 0x00000000e9600000, 0x00000000e9600000| Untracked 
| 151|0x00000000e9700000, 0x00000000e9700000, 0x00000000e9800000|  0%| F|  |TAMS 0x00000000e9700000, 0x00000000e9700000| Untracked 
| 152|0x00000000e9800000, 0x00000000e9800000, 0x00000000e9900000|  0%| F|  |TAMS 0x00000000e9800000, 0x00000000e9800000| Untracked 
| 153|0x00000000e9900000, 0x00000000e9900000, 0x00000000e9a00000|  0%| F|  |TAMS 0x00000000e9900000, 0x00000000e9900000| Untracked 
| 154|0x00000000e9a00000, 0x00000000e9a00000, 0x00000000e9b00000|  0%| F|  |TAMS 0x00000000e9a00000, 0x00000000e9a00000| Untracked 
| 155|0x00000000e9b00000, 0x00000000e9b00000, 0x00000000e9c00000|  0%| F|  |TAMS 0x00000000e9b00000, 0x00000000e9b00000| Untracked 
| 156|0x00000000e9c00000, 0x00000000e9c00000, 0x00000000e9d00000|  0%| F|  |TAMS 0x00000000e9c00000, 0x00000000e9c00000| Untracked 
| 157|0x00000000e9d00000, 0x00000000e9d00000, 0x00000000e9e00000|  0%| F|  |TAMS 0x00000000e9d00000, 0x00000000e9d00000| Untracked 
| 158|0x00000000e9e00000, 0x00000000e9e00000, 0x00000000e9f00000|  0%| F|  |TAMS 0x00000000e9e00000, 0x00000000e9e00000| Untracked 
| 159|0x00000000e9f00000, 0x00000000e9f00000, 0x00000000ea000000|  0%| F|  |TAMS 0x00000000e9f00000, 0x00000000e9f00000| Untracked 
| 160|0x00000000ea000000, 0x00000000ea000000, 0x00000000ea100000|  0%| F|  |TAMS 0x00000000ea000000, 0x00000000ea000000| Untracked 
| 161|0x00000000ea100000, 0x00000000ea100000, 0x00000000ea200000|  0%| F|  |TAMS 0x00000000ea100000, 0x00000000ea100000| Untracked 
| 162|0x00000000ea200000, 0x00000000ea200000, 0x00000000ea300000|  0%| F|  |TAMS 0x00000000ea200000, 0x00000000ea200000| Untracked 
| 163|0x00000000ea300000, 0x00000000ea300000, 0x00000000ea400000|  0%| F|  |TAMS 0x00000000ea300000, 0x00000000ea300000| Untracked 
| 164|0x00000000ea400000, 0x00000000ea400000, 0x00000000ea500000|  0%| F|  |TAMS 0x00000000ea400000, 0x00000000ea400000| Untracked 
| 165|0x00000000ea500000, 0x00000000ea500000, 0x00000000ea600000|  0%| F|  |TAMS 0x00000000ea500000, 0x00000000ea500000| Untracked 
| 166|0x00000000ea600000, 0x00000000ea600000, 0x00000000ea700000|  0%| F|  |TAMS 0x00000000ea600000, 0x00000000ea600000| Untracked 
| 167|0x00000000ea700000, 0x00000000ea700000, 0x00000000ea800000|  0%| F|  |TAMS 0x00000000ea700000, 0x00000000ea700000| Untracked 
| 168|0x00000000ea800000, 0x00000000ea800000, 0x00000000ea900000|  0%| F|  |TAMS 0x00000000ea800000, 0x00000000ea800000| Untracked 
| 169|0x00000000ea900000, 0x00000000ea900000, 0x00000000eaa00000|  0%| F|  |TAMS 0x00000000ea900000, 0x00000000ea900000| Untracked 
| 170|0x00000000eaa00000, 0x00000000eaa00000, 0x00000000eab00000|  0%| F|  |TAMS 0x00000000eaa00000, 0x00000000eaa00000| Untracked 
| 171|0x00000000eab00000, 0x00000000eab00000, 0x00000000eac00000|  0%| F|  |TAMS 0x00000000eab00000, 0x00000000eab00000| Untracked 
| 172|0x00000000eac00000, 0x00000000eac00000, 0x00000000ead00000|  0%| F|  |TAMS 0x00000000eac00000, 0x00000000eac00000| Untracked 
| 173|0x00000000ead00000, 0x00000000ead00000, 0x00000000eae00000|  0%| F|  |TAMS 0x00000000ead00000, 0x00000000ead00000| Untracked 
| 174|0x00000000eae00000, 0x00000000eae00000, 0x00000000eaf00000|  0%| F|  |TAMS 0x00000000eae00000, 0x00000000eae00000| Untracked 
| 175|0x00000000eaf00000, 0x00000000eaf00000, 0x00000000eb000000|  0%| F|  |TAMS 0x00000000eaf00000, 0x00000000eaf00000| Untracked 
| 176|0x00000000eb000000, 0x00000000eb000000, 0x00000000eb100000|  0%| F|  |TAMS 0x00000000eb000000, 0x00000000eb000000| Untracked 
| 177|0x00000000eb100000, 0x00000000eb100000, 0x00000000eb200000|  0%| F|  |TAMS 0x00000000eb100000, 0x00000000eb100000| Untracked 
| 178|0x00000000eb200000, 0x00000000eb200000, 0x00000000eb300000|  0%| F|  |TAMS 0x00000000eb200000, 0x00000000eb200000| Untracked 
| 179|0x00000000eb300000, 0x00000000eb300000, 0x00000000eb400000|  0%| F|  |TAMS 0x00000000eb300000, 0x00000000eb300000| Untracked 
| 180|0x00000000eb400000, 0x00000000eb400000, 0x00000000eb500000|  0%| F|  |TAMS 0x00000000eb400000, 0x00000000eb400000| Untracked 
| 181|0x00000000eb500000, 0x00000000eb500000, 0x00000000eb600000|  0%| F|  |TAMS 0x00000000eb500000, 0x00000000eb500000| Untracked 
| 182|0x00000000eb600000, 0x00000000eb600000, 0x00000000eb700000|  0%| F|  |TAMS 0x00000000eb600000, 0x00000000eb600000| Untracked 
| 183|0x00000000eb700000, 0x00000000eb700000, 0x00000000eb800000|  0%| F|  |TAMS 0x00000000eb700000, 0x00000000eb700000| Untracked 
| 184|0x00000000eb800000, 0x00000000eb800000, 0x00000000eb900000|  0%| F|  |TAMS 0x00000000eb800000, 0x00000000eb800000| Untracked 
| 185|0x00000000eb900000, 0x00000000eb900000, 0x00000000eba00000|  0%| F|  |TAMS 0x00000000eb900000, 0x00000000eb900000| Untracked 
| 186|0x00000000eba00000, 0x00000000eba00000, 0x00000000ebb00000|  0%| F|  |TAMS 0x00000000eba00000, 0x00000000eba00000| Untracked 
| 187|0x00000000ebb00000, 0x00000000ebb00000, 0x00000000ebc00000|  0%| F|  |TAMS 0x00000000ebb00000, 0x00000000ebb00000| Untracked 
| 188|0x00000000ebc00000, 0x00000000ebc00000, 0x00000000ebd00000|  0%| F|  |TAMS 0x00000000ebc00000, 0x00000000ebc00000| Untracked 
| 189|0x00000000ebd00000, 0x00000000ebd00000, 0x00000000ebe00000|  0%| F|  |TAMS 0x00000000ebd00000, 0x00000000ebd00000| Untracked 
| 190|0x00000000ebe00000, 0x00000000ebe00000, 0x00000000ebf00000|  0%| F|  |TAMS 0x00000000ebe00000, 0x00000000ebe00000| Untracked 
| 191|0x00000000ebf00000, 0x00000000ebf00000, 0x00000000ec000000|  0%| F|  |TAMS 0x00000000ebf00000, 0x00000000ebf00000| Untracked 
| 192|0x00000000ec000000, 0x00000000ec000000, 0x00000000ec100000|  0%| F|  |TAMS 0x00000000ec000000, 0x00000000ec000000| Untracked 
| 193|0x00000000ec100000, 0x00000000ec100000, 0x00000000ec200000|  0%| F|  |TAMS 0x00000000ec100000, 0x00000000ec100000| Untracked 
| 194|0x00000000ec200000, 0x00000000ec200000, 0x00000000ec300000|  0%| F|  |TAMS 0x00000000ec200000, 0x00000000ec200000| Untracked 
| 195|0x00000000ec300000, 0x00000000ec300000, 0x00000000ec400000|  0%| F|  |TAMS 0x00000000ec300000, 0x00000000ec300000| Untracked 
| 196|0x00000000ec400000, 0x00000000ec400000, 0x00000000ec500000|  0%| F|  |TAMS 0x00000000ec400000, 0x00000000ec400000| Untracked 
| 197|0x00000000ec500000, 0x00000000ec500000, 0x00000000ec600000|  0%| F|  |TAMS 0x00000000ec500000, 0x00000000ec500000| Untracked 
| 198|0x00000000ec600000, 0x00000000ec600000, 0x00000000ec700000|  0%| F|  |TAMS 0x00000000ec600000, 0x00000000ec600000| Untracked 
| 199|0x00000000ec700000, 0x00000000ec700000, 0x00000000ec800000|  0%| F|  |TAMS 0x00000000ec700000, 0x00000000ec700000| Untracked 
| 200|0x00000000ec800000, 0x00000000ec800000, 0x00000000ec900000|  0%| F|  |TAMS 0x00000000ec800000, 0x00000000ec800000| Untracked 
| 201|0x00000000ec900000, 0x00000000ec900000, 0x00000000eca00000|  0%| F|  |TAMS 0x00000000ec900000, 0x00000000ec900000| Untracked 
| 202|0x00000000eca00000, 0x00000000eca00000, 0x00000000ecb00000|  0%| F|  |TAMS 0x00000000eca00000, 0x00000000eca00000| Untracked 
| 203|0x00000000ecb00000, 0x00000000ecb00000, 0x00000000ecc00000|  0%| F|  |TAMS 0x00000000ecb00000, 0x00000000ecb00000| Untracked 
| 204|0x00000000ecc00000, 0x00000000ecc00000, 0x00000000ecd00000|  0%| F|  |TAMS 0x00000000ecc00000, 0x00000000ecc00000| Untracked 
| 205|0x00000000ecd00000, 0x00000000ecd00000, 0x00000000ece00000|  0%| F|  |TAMS 0x00000000ecd00000, 0x00000000ecd00000| Untracked 
| 206|0x00000000ece00000, 0x00000000ece00000, 0x00000000ecf00000|  0%| F|  |TAMS 0x00000000ece00000, 0x00000000ece00000| Untracked 
| 207|0x00000000ecf00000, 0x00000000ecf00000, 0x00000000ed000000|  0%| F|  |TAMS 0x00000000ecf00000, 0x00000000ecf00000| Untracked 
| 208|0x00000000ed000000, 0x00000000ed000000, 0x00000000ed100000|  0%| F|  |TAMS 0x00000000ed000000, 0x00000000ed000000| Untracked 
| 209|0x00000000ed100000, 0x00000000ed100000, 0x00000000ed200000|  0%| F|  |TAMS 0x00000000ed100000, 0x00000000ed100000| Untracked 
| 210|0x00000000ed200000, 0x00000000ed200000, 0x00000000ed300000|  0%| F|  |TAMS 0x00000000ed200000, 0x00000000ed200000| Untracked 
| 211|0x00000000ed300000, 0x00000000ed300000, 0x00000000ed400000|  0%| F|  |TAMS 0x00000000ed300000, 0x00000000ed300000| Untracked 
| 212|0x00000000ed400000, 0x00000000ed400000, 0x00000000ed500000|  0%| F|  |TAMS 0x00000000ed400000, 0x00000000ed400000| Untracked 
| 213|0x00000000ed500000, 0x00000000ed500000, 0x00000000ed600000|  0%| F|  |TAMS 0x00000000ed500000, 0x00000000ed500000| Untracked 
| 214|0x00000000ed600000, 0x00000000ed600000, 0x00000000ed700000|  0%| F|  |TAMS 0x00000000ed600000, 0x00000000ed600000| Untracked 
| 215|0x00000000ed700000, 0x00000000ed700000, 0x00000000ed800000|  0%| F|  |TAMS 0x00000000ed700000, 0x00000000ed700000| Untracked 
| 216|0x00000000ed800000, 0x00000000ed800000, 0x00000000ed900000|  0%| F|  |TAMS 0x00000000ed800000, 0x00000000ed800000| Untracked 
| 217|0x00000000ed900000, 0x00000000ed900000, 0x00000000eda00000|  0%| F|  |TAMS 0x00000000ed900000, 0x00000000ed900000| Untracked 
| 218|0x00000000eda00000, 0x00000000eda00000, 0x00000000edb00000|  0%| F|  |TAMS 0x00000000eda00000, 0x00000000eda00000| Untracked 
| 219|0x00000000edb00000, 0x00000000edb00000, 0x00000000edc00000|  0%| F|  |TAMS 0x00000000edb00000, 0x00000000edb00000| Untracked 
| 220|0x00000000edc00000, 0x00000000edc00000, 0x00000000edd00000|  0%| F|  |TAMS 0x00000000edc00000, 0x00000000edc00000| Untracked 
| 221|0x00000000edd00000, 0x00000000edde4068, 0x00000000ede00000| 89%| S|CS|TAMS 0x00000000edd00000, 0x00000000edd00000| Complete 
| 222|0x00000000ede00000, 0x00000000edf00000, 0x00000000edf00000|100%| S|CS|TAMS 0x00000000ede00000, 0x00000000ede00000| Complete 
| 223|0x00000000edf00000, 0x00000000ee000000, 0x00000000ee000000|100%| S|CS|TAMS 0x00000000edf00000, 0x00000000edf00000| Complete 
| 224|0x00000000ee000000, 0x00000000ee000000, 0x00000000ee100000|  0%| F|  |TAMS 0x00000000ee000000, 0x00000000ee000000| Untracked 
| 225|0x00000000ee100000, 0x00000000ee100000, 0x00000000ee200000|  0%| F|  |TAMS 0x00000000ee100000, 0x00000000ee100000| Untracked 
| 226|0x00000000ee200000, 0x00000000ee200000, 0x00000000ee300000|  0%| F|  |TAMS 0x00000000ee200000, 0x00000000ee200000| Untracked 
| 227|0x00000000ee300000, 0x00000000ee300000, 0x00000000ee400000|  0%| F|  |TAMS 0x00000000ee300000, 0x00000000ee300000| Untracked 
| 228|0x00000000ee400000, 0x00000000ee400000, 0x00000000ee500000|  0%| F|  |TAMS 0x00000000ee400000, 0x00000000ee400000| Untracked 
| 229|0x00000000ee500000, 0x00000000ee500000, 0x00000000ee600000|  0%| F|  |TAMS 0x00000000ee500000, 0x00000000ee500000| Untracked 
| 230|0x00000000ee600000, 0x00000000ee600000, 0x00000000ee700000|  0%| F|  |TAMS 0x00000000ee600000, 0x00000000ee600000| Untracked 
| 231|0x00000000ee700000, 0x00000000ee700000, 0x00000000ee800000|  0%| F|  |TAMS 0x00000000ee700000, 0x00000000ee700000| Untracked 
| 232|0x00000000ee800000, 0x00000000ee800000, 0x00000000ee900000|  0%| F|  |TAMS 0x00000000ee800000, 0x00000000ee800000| Untracked 
| 233|0x00000000ee900000, 0x00000000ee900000, 0x00000000eea00000|  0%| F|  |TAMS 0x00000000ee900000, 0x00000000ee900000| Untracked 
| 234|0x00000000eea00000, 0x00000000eea00000, 0x00000000eeb00000|  0%| F|  |TAMS 0x00000000eea00000, 0x00000000eea00000| Untracked 
| 235|0x00000000eeb00000, 0x00000000eeb00000, 0x00000000eec00000|  0%| F|  |TAMS 0x00000000eeb00000, 0x00000000eeb00000| Untracked 
| 236|0x00000000eec00000, 0x00000000eec00000, 0x00000000eed00000|  0%| F|  |TAMS 0x00000000eec00000, 0x00000000eec00000| Untracked 
| 237|0x00000000eed00000, 0x00000000eed00000, 0x00000000eee00000|  0%| F|  |TAMS 0x00000000eed00000, 0x00000000eed00000| Untracked 
| 238|0x00000000eee00000, 0x00000000eee00000, 0x00000000eef00000|  0%| F|  |TAMS 0x00000000eee00000, 0x00000000eee00000| Untracked 
| 239|0x00000000eef00000, 0x00000000eef00000, 0x00000000ef000000|  0%| F|  |TAMS 0x00000000eef00000, 0x00000000eef00000| Untracked 
| 240|0x00000000ef000000, 0x00000000ef000000, 0x00000000ef100000|  0%| F|  |TAMS 0x00000000ef000000, 0x00000000ef000000| Untracked 
| 241|0x00000000ef100000, 0x00000000ef100000, 0x00000000ef200000|  0%| F|  |TAMS 0x00000000ef100000, 0x00000000ef100000| Untracked 
| 242|0x00000000ef200000, 0x00000000ef200000, 0x00000000ef300000|  0%| F|  |TAMS 0x00000000ef200000, 0x00000000ef200000| Untracked 
| 243|0x00000000ef300000, 0x00000000ef300000, 0x00000000ef400000|  0%| F|  |TAMS 0x00000000ef300000, 0x00000000ef300000| Untracked 
| 244|0x00000000ef400000, 0x00000000ef400000, 0x00000000ef500000|  0%| F|  |TAMS 0x00000000ef400000, 0x00000000ef400000| Untracked 
| 245|0x00000000ef500000, 0x00000000ef600000, 0x00000000ef600000|100%| E|  |TAMS 0x00000000ef500000, 0x00000000ef500000| Complete 
| 246|0x00000000ef600000, 0x00000000ef700000, 0x00000000ef700000|100%| E|CS|TAMS 0x00000000ef600000, 0x00000000ef600000| Complete 
| 247|0x00000000ef700000, 0x00000000ef800000, 0x00000000ef800000|100%| E|CS|TAMS 0x00000000ef700000, 0x00000000ef700000| Complete 
| 248|0x00000000ef800000, 0x00000000ef900000, 0x00000000ef900000|100%| E|CS|TAMS 0x00000000ef800000, 0x00000000ef800000| Complete 
| 249|0x00000000ef900000, 0x00000000efa00000, 0x00000000efa00000|100%| E|CS|TAMS 0x00000000ef900000, 0x00000000ef900000| Complete 
| 250|0x00000000efa00000, 0x00000000efb00000, 0x00000000efb00000|100%| E|CS|TAMS 0x00000000efa00000, 0x00000000efa00000| Complete 
| 251|0x00000000efb00000, 0x00000000efc00000, 0x00000000efc00000|100%| E|CS|TAMS 0x00000000efb00000, 0x00000000efb00000| Complete 

Card table byte_map: [0x00000259385d0000,0x00000259386d0000] _byte_map_base: 0x0000025937ed0000

Marking Bits (Prev, Next): (CMBitMap*) 0x00000259213e6e30, (CMBitMap*) 0x00000259213e6e70
 Prev Bits: [0x00000259387d0000, 0x0000025938fd0000)
 Next Bits: [0x0000025938fd0000, 0x00000259397d0000)

Polling page: 0x000002591f2f0000

Metaspace:

Usage:
  Non-class:     13.93 MB used.
      Class:      2.15 MB used.
       Both:     16.08 MB used.

Virtual space:
  Non-class space:       64.00 MB reserved,      14.12 MB ( 22%) committed,  1 nodes.
      Class space:        1.00 GB reserved,       2.25 MB ( <1%) committed,  1 nodes.
             Both:        1.06 GB reserved,      16.38 MB (  2%) committed. 

Chunk freelists:
   Non-Class:  1.28 MB
       Class:  13.69 MB
        Both:  14.97 MB

MaxMetaspaceSize: unlimited
CompressedClassSpaceSize: 1.00 GB
Initial GC threshold: 21.00 MB
Current GC threshold: 21.00 MB
CDS: on
MetaspaceReclaimPolicy: balanced
 - commit_granule_bytes: 65536.
 - commit_granule_words: 8192.
 - virtual_space_node_default_size: 8388608.
 - enlarge_chunks_in_place: 1.
 - new_chunks_are_fully_committed: 0.
 - uncommit_free_chunks: 1.
 - use_allocation_guard: 0.
 - handle_deallocations: 1.


Internal statistics:

num_allocs_failed_limit: 0.
num_arena_births: 310.
num_arena_deaths: 0.
num_vsnodes_births: 2.
num_vsnodes_deaths: 0.
num_space_committed: 262.
num_space_uncommitted: 0.
num_chunks_returned_to_freelist: 0.
num_chunks_taken_from_freelist: 781.
num_chunk_merges: 0.
num_chunk_splits: 465.
num_chunks_enlarged: 292.
num_purges: 0.
num_inconsistent_stats: 0.

CodeHeap 'non-profiled nmethods': size=119168Kb used=823Kb max_used=823Kb free=118344Kb
 bounds [0x00000259307f0000, 0x0000025930a60000, 0x0000025937c50000]
CodeHeap 'profiled nmethods': size=119104Kb used=4869Kb max_used=4869Kb free=114234Kb
 bounds [0x0000025928c50000, 0x0000025929120000, 0x00000259300a0000]
CodeHeap 'non-nmethods': size=7488Kb used=1854Kb max_used=3027Kb free=5633Kb
 bounds [0x00000259300a0000, 0x00000259303a0000, 0x00000259307f0000]
 total_blobs=2874 nmethods=2350 adapters=435
 compilation: enabled
              stopped_count=0, restarted_count=0
 full_count=0

Compilation events (20 events):
Event: 6.296 Thread 0x000002593c778120 nmethod 2333 0x00000259308bcb90 code [0x00000259308bcd20, 0x00000259308bcdf8]
Event: 6.296 Thread 0x000002593c93ce50 nmethod 2334 0x00000259308bce90 code [0x00000259308bd020, 0x00000259308bd0f8]
Event: 6.296 Thread 0x000002593c778120 2337       3       java.time.temporal.ValueRange::isValidValue (24 bytes)
Event: 6.296 Thread 0x000002593c93ce50 2335       1       java.time.temporal.ChronoField::range (5 bytes)
Event: 6.296 Thread 0x000002593c93ce50 nmethod 2335 0x00000259308bd190 code [0x00000259308bd320, 0x00000259308bd3f8]
Event: 6.296 Thread 0x000002593c93ce50 2336       1       java.time.ZoneOffset::getTotalSeconds (5 bytes)
Event: 6.296 Thread 0x000002593c93ce50 nmethod 2336 0x00000259308bd490 code [0x00000259308bd620, 0x00000259308bd6f8]
Event: 6.296 Thread 0x000002593c93ce50 2338       3       java.time.temporal.ChronoField::checkValidValue (10 bytes)
Event: 6.296 Thread 0x000002593c778120 nmethod 2337 0x0000025929109390 code [0x0000025929109520, 0x00000259291096f8]
Event: 6.296 Thread 0x000002593c93ce50 nmethod 2338 0x0000025929109790 code [0x0000025929109940, 0x0000025929109aa8]
Event: 6.296 Thread 0x000002593c778120 2339       3       java.time.temporal.ValueRange::checkValidValue (24 bytes)
Event: 6.296 Thread 0x000002593c93ce50 2340       3       java.lang.Math::floorDiv (31 bytes)
Event: 6.296 Thread 0x000002593c93ce50 nmethod 2340 0x0000025929109b90 code [0x0000025929109d20, 0x0000025929109ef8]
Event: 6.297 Thread 0x000002593c93ce50 2341       1       java.time.zone.ZoneOffsetTransition::getOffsetAfter (5 bytes)
Event: 6.297 Thread 0x000002593c93ce50 nmethod 2341 0x00000259308bd790 code [0x00000259308bd920, 0x00000259308bd9f8]
Event: 6.297 Thread 0x000002593c93ce50 2342       1       java.time.zone.ZoneOffsetTransition::getOffsetBefore (5 bytes)
Event: 6.297 Thread 0x000002593c93ce50 nmethod 2342 0x00000259308bda90 code [0x00000259308bdc20, 0x00000259308bdcf8]
Event: 6.297 Thread 0x000002593c778120 nmethod 2339 0x0000025929109f90 code [0x000002592910a160, 0x000002592910a518]
Event: 6.298 Thread 0x000002593c93ce50 2343       3       java.io.InputStream::<init> (5 bytes)
Event: 6.298 Thread 0x000002593c93ce50 nmethod 2343 0x000002592910a690 code [0x000002592910a820, 0x000002592910a998]

GC Heap History (4 events):
Event: 0.673 GC heap before
{Heap before GC invocations=0 (full 0):
 garbage-first heap   total 258048K, used 23552K [0x00000000e0000000, 0x0000000100000000)
  region size 1024K, 23 young (23552K), 0 survivors (0K)
 Metaspace       used 7056K, committed 7232K, reserved 1114112K
  class space    used 917K, committed 1024K, reserved 1048576K
}
Event: 0.677 GC heap after
{Heap after GC invocations=1 (full 0):
 garbage-first heap   total 258048K, used 6560K [0x00000000e0000000, 0x0000000100000000)
  region size 1024K, 3 young (3072K), 3 survivors (3072K)
 Metaspace       used 7056K, committed 7232K, reserved 1114112K
  class space    used 917K, committed 1024K, reserved 1048576K
}
Event: 2.050 GC heap before
{Heap before GC invocations=1 (full 0):
 garbage-first heap   total 258048K, used 32160K [0x00000000e0000000, 0x0000000100000000)
  region size 1024K, 28 young (28672K), 3 survivors (3072K)
 Metaspace       used 15928K, committed 16256K, reserved 1114112K
  class space    used 2132K, committed 2240K, reserved 1048576K
}
Event: 2.055 GC heap after
{Heap after GC invocations=2 (full 0):
 garbage-first heap   total 258048K, used 9519K [0x00000000e0000000, 0x0000000100000000)
  region size 1024K, 3 young (3072K), 3 survivors (3072K)
 Metaspace       used 15928K, committed 16256K, reserved 1114112K
  class space    used 2132K, committed 2240K, reserved 1048576K
}

Deoptimization events (20 events):
Event: 1.370 Thread 0x00000259213b7b30 DEOPT PACKING pc=0x0000025928cbecdc sp=0x0000009317af9ca0
Event: 1.370 Thread 0x00000259213b7b30 DEOPT UNPACKING pc=0x00000259300f2b43 sp=0x0000009317af9158 mode 1
Event: 1.374 Thread 0x00000259213b7b30 Uncommon trap: trap_request=0xffffff45 fr.pc=0x000002593084f020 relative=0x0000000000001540
Event: 1.374 Thread 0x00000259213b7b30 Uncommon trap: reason=unstable_if action=reinterpret pc=0x000002593084f020 method=java.util.concurrent.ConcurrentHashMap.transfer([Ljava/util/concurrent/ConcurrentHashMap$Node;[Ljava/util/concurrent/ConcurrentHashMap$Node;)V @ 26 c2
Event: 1.374 Thread 0x00000259213b7b30 DEOPT PACKING pc=0x000002593084f020 sp=0x0000009317af9490
Event: 1.374 Thread 0x00000259213b7b30 DEOPT UNPACKING pc=0x00000259300f23a3 sp=0x0000009317af9420 mode 2
Event: 1.435 Thread 0x000002597ebab9c0 DEOPT PACKING pc=0x0000025929086f1a sp=0x000000931aefdff0
Event: 1.435 Thread 0x000002597ebab9c0 DEOPT UNPACKING pc=0x00000259300f2b43 sp=0x000000931aefd520 mode 0
Event: 1.994 Thread 0x00000259213b7b30 Uncommon trap: trap_request=0xffffffde fr.pc=0x0000025930832518 relative=0x0000000000000d98
Event: 1.994 Thread 0x00000259213b7b30 Uncommon trap: reason=class_check action=maybe_recompile pc=0x0000025930832518 method=java.util.HashMap.putVal(ILjava/lang/Object;Ljava/lang/Object;ZZ)Ljava/lang/Object; @ 253 c2
Event: 1.994 Thread 0x00000259213b7b30 DEOPT PACKING pc=0x0000025930832518 sp=0x0000009317afa600
Event: 1.994 Thread 0x00000259213b7b30 DEOPT UNPACKING pc=0x00000259300f23a3 sp=0x0000009317afa568 mode 2
Event: 2.216 Thread 0x00000259213b7b30 Uncommon trap: trap_request=0xffffffde fr.pc=0x000002593083253c relative=0x0000000000000dbc
Event: 2.216 Thread 0x00000259213b7b30 Uncommon trap: reason=class_check action=maybe_recompile pc=0x000002593083253c method=java.util.HashMap.putVal(ILjava/lang/Object;Ljava/lang/Object;ZZ)Ljava/lang/Object; @ 203 c2
Event: 2.216 Thread 0x00000259213b7b30 DEOPT PACKING pc=0x000002593083253c sp=0x0000009317afab40
Event: 2.216 Thread 0x00000259213b7b30 DEOPT UNPACKING pc=0x00000259300f23a3 sp=0x0000009317afaaa8 mode 2
Event: 4.557 Thread 0x00000259213b7b30 Uncommon trap: trap_request=0xffffffde fr.pc=0x0000025930832518 relative=0x0000000000000d98
Event: 4.557 Thread 0x00000259213b7b30 Uncommon trap: reason=class_check action=maybe_recompile pc=0x0000025930832518 method=java.util.HashMap.putVal(ILjava/lang/Object;Ljava/lang/Object;ZZ)Ljava/lang/Object; @ 253 c2
Event: 4.557 Thread 0x00000259213b7b30 DEOPT PACKING pc=0x0000025930832518 sp=0x0000009317afa560
Event: 4.557 Thread 0x00000259213b7b30 DEOPT UNPACKING pc=0x00000259300f23a3 sp=0x0000009317afa4c8 mode 2

Classes unloaded (0 events):
No events

Classes redefined (0 events):
No events

Internal exceptions (20 events):
Event: 1.412 Thread 0x000002597eba8e70 Exception <a 'java/lang/NoSuchMethodError'{0x00000000ee621b68}: 'java.lang.Object java.lang.invoke.DirectMethodHandle$Holder.invokeSpecial(java.lang.Object, java.lang.Object, java.lang.Object, java.lang.Object, int)'> (0x00000000ee621b68) 
thrown [s\open\src\hotspot\share\interpreter\linkResolver.cpp, line 759]
Event: 1.412 Thread 0x000002597eba8e70 Exception <a 'java/lang/NoSuchMethodError'{0x00000000ee625730}: 'java.lang.Object java.lang.invoke.Invokers$Holder.linkToTargetMethod(java.lang.Object, java.lang.Object, int, java.lang.Object)'> (0x00000000ee625730) 
thrown [s\open\src\hotspot\share\interpreter\linkResolver.cpp, line 759]
Event: 1.983 Thread 0x000002597ebab9c0 Exception <a 'java/lang/NoSuchMethodError'{0x00000000ee563508}: 'void java.lang.invoke.DirectMethodHandle$Holder.invokeSpecial(java.lang.Object, java.lang.Object, java.lang.Object, java.lang.Object, java.lang.Object, java.lang.Object, java.lang.Object)'> (0x00000000ee563508) 
thrown [s\open\src\hotspot\share\interpreter\linkResolver.cpp, line 759]
Event: 1.992 Thread 0x00000259213b7b30 Exception <a 'java/lang/NoSuchMethodError'{0x00000000ee739bd0}: 'java.lang.Object java.lang.invoke.DirectMethodHandle$Holder.invokeSpecialIFC(java.lang.Object, java.lang.Object, java.lang.Object)'> (0x00000000ee739bd0) 
thrown [s\open\src\hotspot\share\interpreter\linkResolver.cpp, line 759]
Event: 2.081 Thread 0x00000259213b7b30 Exception <a 'java/net/SocketException'{0x00000000ef931c20}: Socket is not connected: shutdown> (0x00000000ef931c20) 
thrown [s\open\src\hotspot\share\prims\jni.cpp, line 535]
Event: 2.081 Thread 0x00000259213b7b30 Exception <a 'java/net/SocketException'{0x00000000ef9329d8}: Socket is not connected: shutdown> (0x00000000ef9329d8) 
thrown [s\open\src\hotspot\share\prims\jni.cpp, line 535]
Event: 2.082 Thread 0x00000259213b7b30 Exception <a 'java/net/SocketException'{0x00000000ef933c40}: Socket is not connected: shutdown> (0x00000000ef933c40) 
thrown [s\open\src\hotspot\share\prims\jni.cpp, line 535]
Event: 2.082 Thread 0x00000259213b7b30 Exception <a 'java/net/SocketException'{0x00000000ef9349f8}: Socket is not connected: shutdown> (0x00000000ef9349f8) 
thrown [s\open\src\hotspot\share\prims\jni.cpp, line 535]
Event: 2.225 Thread 0x000002597f5320c0 Exception <a 'java/net/ConnectException'{0x00000000ef847d58}: Connection refused: no further information> (0x00000000ef847d58) 
thrown [s\open\src\hotspot\share\prims\jni.cpp, line 535]
Event: 2.225 Thread 0x000002597f5320c0 Exception <a 'java/net/SocketException'{0x00000000ef848090}: Socket is not connected: shutdown> (0x00000000ef848090) 
thrown [s\open\src\hotspot\share\prims\jni.cpp, line 535]
Event: 2.226 Thread 0x000002597f5320c0 Exception <a 'java/net/ConnectException'{0x00000000ef8488f0}: Connection refused: no further information> (0x00000000ef8488f0) 
thrown [s\open\src\hotspot\share\prims\jni.cpp, line 535]
Event: 2.226 Thread 0x000002597f5320c0 Exception <a 'java/net/SocketException'{0x00000000ef848c28}: Socket is not connected: shutdown> (0x00000000ef848c28) 
thrown [s\open\src\hotspot\share\prims\jni.cpp, line 535]
Event: 2.226 Thread 0x000002597f5320c0 Exception <a 'java/net/ConnectException'{0x00000000ef849488}: Connection refused: no further information> (0x00000000ef849488) 
thrown [s\open\src\hotspot\share\prims\jni.cpp, line 535]
Event: 2.226 Thread 0x000002597f5320c0 Exception <a 'java/net/SocketException'{0x00000000ef8497c0}: Socket is not connected: shutdown> (0x00000000ef8497c0) 
thrown [s\open\src\hotspot\share\prims\jni.cpp, line 535]
Event: 2.226 Thread 0x000002597f5320c0 Exception <a 'java/net/ConnectException'{0x00000000ef84a020}: Connection refused: no further information> (0x00000000ef84a020) 
thrown [s\open\src\hotspot\share\prims\jni.cpp, line 535]
Event: 2.226 Thread 0x000002597f5320c0 Exception <a 'java/net/SocketException'{0x00000000ef84a358}: Socket is not connected: shutdown> (0x00000000ef84a358) 
thrown [s\open\src\hotspot\share\prims\jni.cpp, line 535]
Event: 2.241 Thread 0x000002597f5320c0 Exception <a 'java/net/ConnectException'{0x00000000ef84abb8}: Connection refused: no further information> (0x00000000ef84abb8) 
thrown [s\open\src\hotspot\share\prims\jni.cpp, line 535]
Event: 2.241 Thread 0x000002597f5320c0 Exception <a 'java/net/SocketException'{0x00000000ef84aef0}: Socket is not connected: shutdown> (0x00000000ef84aef0) 
thrown [s\open\src\hotspot\share\prims\jni.cpp, line 535]
Event: 2.257 Thread 0x000002597f5320c0 Exception <a 'java/net/ConnectException'{0x00000000ef84b750}: Connection refused: no further information> (0x00000000ef84b750) 
thrown [s\open\src\hotspot\share\prims\jni.cpp, line 535]
Event: 2.257 Thread 0x000002597f5320c0 Exception <a 'java/net/SocketException'{0x00000000ef84ba88}: Socket is not connected: shutdown> (0x00000000ef84ba88) 
thrown [s\open\src\hotspot\share\prims\jni.cpp, line 535]

VM Operations (20 events):
Event: 1.176 Executing VM operation: HandshakeAllThreads
Event: 1.176 Executing VM operation: HandshakeAllThreads done
Event: 1.231 Executing VM operation: HandshakeAllThreads
Event: 1.231 Executing VM operation: HandshakeAllThreads done
Event: 1.361 Executing VM operation: HandshakeAllThreads
Event: 1.361 Executing VM operation: HandshakeAllThreads done
Event: 1.363 Executing VM operation: HandshakeAllThreads
Event: 1.363 Executing VM operation: HandshakeAllThreads done
Event: 1.368 Executing VM operation: HandshakeAllThreads
Event: 1.368 Executing VM operation: HandshakeAllThreads done
Event: 1.387 Executing VM operation: ICBufferFull
Event: 1.388 Executing VM operation: ICBufferFull done
Event: 1.976 Executing VM operation: HandshakeAllThreads
Event: 1.976 Executing VM operation: HandshakeAllThreads done
Event: 2.050 Executing VM operation: G1CollectForAllocation
Event: 2.055 Executing VM operation: G1CollectForAllocation done
Event: 3.066 Executing VM operation: Cleanup
Event: 3.066 Executing VM operation: Cleanup done
Event: 5.085 Executing VM operation: Cleanup
Event: 5.086 Executing VM operation: Cleanup done

Events (20 events):
Event: 2.224 Thread 0x000002597f5320c0 Thread added: 0x000002597f5320c0
Event: 2.224 Thread 0x000002597f535f50 Thread added: 0x000002597f535f50
Event: 2.225 loading class java/net/SocksSocketImpl$3
Event: 2.225 loading class java/net/SocksSocketImpl$3 done
Event: 2.261 Thread 0x000002597f532590 Thread added: 0x000002597f532590
Event: 2.264 Thread 0x000002597f536420 Thread added: 0x000002597f536420
Event: 2.264 Thread 0x000002597f537760 Thread added: 0x000002597f537760
Event: 2.264 Thread 0x000002597f538100 Thread added: 0x000002597f538100
Event: 4.555 Thread 0x000002593c97c680 Thread exited: 0x000002593c97c680
Event: 4.982 loading class java/util/stream/ForEachOps$ForEachTask
Event: 4.982 loading class java/util/stream/ForEachOps$ForEachTask done
Event: 4.983 Thread 0x000002597f533400 Thread added: 0x000002597f533400
Event: 6.293 loading class java/time/zone/ZoneRulesProvider
Event: 6.293 loading class java/time/zone/ZoneRulesProvider done
Event: 6.293 loading class java/time/zone/ZoneRulesProvider$1
Event: 6.293 loading class java/time/zone/ZoneRulesProvider$1 done
Event: 6.293 loading class java/time/zone/TzdbZoneRulesProvider
Event: 6.293 loading class java/time/zone/TzdbZoneRulesProvider done
Event: 6.295 loading class java/time/zone/Ser
Event: 6.295 loading class java/time/zone/Ser done


Dynamic libraries:
0x00007ff655940000 - 0x00007ff655950000 	C:\Program Files\Java\jdk-17\bin\java.exe
0x00007ffc5c430000 - 0x00007ffc5c647000 	C:\Windows\SYSTEM32\ntdll.dll
0x00007ffc5b770000 - 0x00007ffc5b834000 	C:\Windows\System32\KERNEL32.DLL
0x00007ffc59aa0000 - 0x00007ffc59e73000 	C:\Windows\System32\KERNELBASE.dll
0x00007ffc59e80000 - 0x00007ffc59f91000 	C:\Windows\System32\ucrtbase.dll
0x00007ffc45780000 - 0x00007ffc45799000 	C:\Program Files\Java\jdk-17\bin\jli.dll
0x00007ffc3f880000 - 0x00007ffc3f89b000 	C:\Program Files\Java\jdk-17\bin\VCRUNTIME140.dll
0x00007ffc5a370000 - 0x00007ffc5a421000 	C:\Windows\System32\ADVAPI32.dll
0x00007ffc5a2c0000 - 0x00007ffc5a367000 	C:\Windows\System32\msvcrt.dll
0x00007ffc5bd40000 - 0x00007ffc5bde7000 	C:\Windows\System32\sechost.dll
0x00007ffc59850000 - 0x00007ffc59878000 	C:\Windows\System32\bcrypt.dll
0x00007ffc5c100000 - 0x00007ffc5c214000 	C:\Windows\System32\RPCRT4.dll
0x00007ffc5c220000 - 0x00007ffc5c3d1000 	C:\Windows\System32\USER32.dll
0x00007ffc3c0c0000 - 0x00007ffc3c35b000 	C:\Windows\WinSxS\amd64_microsoft.windows.common-controls_6595b64144ccf1df_6.0.22621.5262_none_2712bde373830908\COMCTL32.dll
0x00007ffc59880000 - 0x00007ffc598a6000 	C:\Windows\System32\win32u.dll
0x00007ffc5ad40000 - 0x00007ffc5ad69000 	C:\Windows\System32\GDI32.dll
0x00007ffc59fa0000 - 0x00007ffc5a0c2000 	C:\Windows\System32\gdi32full.dll
0x00007ffc597b0000 - 0x00007ffc5984a000 	C:\Windows\System32\msvcp_win.dll
0x00007ffc4db00000 - 0x00007ffc4db0a000 	C:\Windows\SYSTEM32\VERSION.dll
0x00007ffc5a5a0000 - 0x00007ffc5a5d1000 	C:\Windows\System32\IMM32.DLL
0x00007ffc4e220000 - 0x00007ffc4e22c000 	C:\Program Files\Java\jdk-17\bin\vcruntime140_1.dll
0x00007ffc232e0000 - 0x00007ffc2336e000 	C:\Program Files\Java\jdk-17\bin\msvcp140.dll
0x00007ffbde5b0000 - 0x00007ffbdf18e000 	C:\Program Files\Java\jdk-17\bin\server\jvm.dll
0x00007ffc5b6f0000 - 0x00007ffc5b6f8000 	C:\Windows\System32\PSAPI.DLL
0x00007ffc3cef0000 - 0x00007ffc3cef9000 	C:\Windows\SYSTEM32\WSOCK32.dll
0x00007ffc5b840000 - 0x00007ffc5b8b1000 	C:\Windows\System32\WS2_32.dll
0x00007ffc3dc50000 - 0x00007ffc3dc84000 	C:\Windows\SYSTEM32\WINMM.dll
0x00007ffc58620000 - 0x00007ffc58638000 	C:\Windows\SYSTEM32\kernel.appcore.dll
0x00007ffc4e1f0000 - 0x00007ffc4e1fa000 	C:\Program Files\Java\jdk-17\bin\jimage.dll
0x00007ffc57a40000 - 0x00007ffc57c72000 	C:\Windows\SYSTEM32\DBGHELP.DLL
0x00007ffc5b8c0000 - 0x00007ffc5bc53000 	C:\Windows\System32\combase.dll
0x00007ffc5ad70000 - 0x00007ffc5ae47000 	C:\Windows\System32\OLEAUT32.dll
0x00007ffc4eeb0000 - 0x00007ffc4eee2000 	C:\Windows\SYSTEM32\dbgcore.DLL
0x00007ffc59530000 - 0x00007ffc595ab000 	C:\Windows\System32\bcryptPrimitives.dll
0x00007ffc27ff0000 - 0x00007ffc2802b000 	C:\Program Files\Java\jdk-17\bin\jdwp.dll
0x00007ffc3f850000 - 0x00007ffc3f875000 	C:\Program Files\Java\jdk-17\bin\java.dll
0x00007ffc0f1b0000 - 0x00007ffc0f287000 	C:\Program Files\Java\jdk-17\bin\jsvml.dll
0x00007ffc5ae50000 - 0x00007ffc5b6ed000 	C:\Windows\System32\SHELL32.dll
0x00007ffc59670000 - 0x00007ffc597af000 	C:\Windows\System32\wintypes.dll
0x00007ffc57060000 - 0x00007ffc5797d000 	C:\Windows\SYSTEM32\windows.storage.dll
0x00007ffc5a5e0000 - 0x00007ffc5a6eb000 	C:\Windows\System32\SHCORE.dll
0x00007ffc5bdf0000 - 0x00007ffc5be56000 	C:\Windows\System32\shlwapi.dll
0x00007ffc59460000 - 0x00007ffc5948b000 	C:\Windows\SYSTEM32\profapi.dll
0x00007ffc4e270000 - 0x00007ffc4e27c000 	C:\Program Files\Java\jdk-17\bin\dt_socket.dll
0x00007ffc58020000 - 0x00007ffc5804d000 	C:\Windows\SYSTEM32\IPHLPAPI.DLL
0x00007ffc58aa0000 - 0x00007ffc58b0a000 	C:\Windows\system32\mswsock.dll
0x00007ffc3c980000 - 0x00007ffc3c999000 	C:\Program Files\Java\jdk-17\bin\net.dll
0x00007ffc52330000 - 0x00007ffc5245c000 	C:\Windows\SYSTEM32\WINHTTP.dll
0x00007ffc3c960000 - 0x00007ffc3c976000 	C:\Program Files\Java\jdk-17\bin\nio.dll
0x00007ffc3cf00000 - 0x00007ffc3cf18000 	C:\Program Files\Java\jdk-17\bin\zip.dll
0x00007ffc44dd0000 - 0x00007ffc44de0000 	C:\Program Files\Java\jdk-17\bin\verify.dll
0x00007ffc3d5b0000 - 0x00007ffc3d5be000 	C:\Program Files\Java\jdk-17\bin\sunmscapi.dll
0x00007ffc598b0000 - 0x00007ffc59a17000 	C:\Windows\System32\CRYPT32.dll
0x00007ffc58ef0000 - 0x00007ffc58f1d000 	C:\Windows\SYSTEM32\ncrypt.dll
0x00007ffc58eb0000 - 0x00007ffc58ee7000 	C:\Windows\SYSTEM32\NTASN1.dll
0x00007ffc3eb10000 - 0x00007ffc3eb18000 	C:\Windows\system32\wshunix.dll
0x00007ffc58cc0000 - 0x00007ffc58cdb000 	C:\Windows\SYSTEM32\CRYPTSP.dll
0x00007ffc58580000 - 0x00007ffc585b7000 	C:\Windows\system32\rsaenh.dll
0x00007ffc58b60000 - 0x00007ffc58b88000 	C:\Windows\SYSTEM32\USERENV.dll
0x00007ffc58ce0000 - 0x00007ffc58cec000 	C:\Windows\SYSTEM32\CRYPTBASE.dll
0x00007ffc5bd30000 - 0x00007ffc5bd39000 	C:\Windows\System32\NSI.dll
0x00007ffc51ed0000 - 0x00007ffc51ee9000 	C:\Windows\SYSTEM32\dhcpcsvc6.DLL
0x00007ffc51e90000 - 0x00007ffc51eaf000 	C:\Windows\SYSTEM32\dhcpcsvc.DLL
0x00007ffc58090000 - 0x00007ffc58188000 	C:\Windows\SYSTEM32\DNSAPI.dll
0x00007ffc51af0000 - 0x00007ffc51afa000 	C:\Windows\System32\rasadhlp.dll
0x00007ffc51270000 - 0x00007ffc512f3000 	C:\Windows\System32\fwpuclnt.dll
0x00007ffc3f840000 - 0x00007ffc3f84a000 	C:\Program Files\Java\jdk-17\bin\management.dll
0x00007ffc3f790000 - 0x00007ffc3f79b000 	C:\Program Files\Java\jdk-17\bin\management_ext.dll

dbghelp: loaded successfully - version: 4.0.5 - missing functions: none
symbol engine: initialized successfully - sym options: 0x614 - pdb path: .;C:\Program Files\Java\jdk-17\bin;C:\Windows\SYSTEM32;C:\Windows\WinSxS\amd64_microsoft.windows.common-controls_6595b64144ccf1df_6.0.22621.5262_none_2712bde373830908;C:\Program Files\Java\jdk-17\bin\server

VM Arguments:
jvm_args: -Dorg.gradle.internal.worker.tmpdir=C:\Users\RavvCheck1\IdeaProjects\TPO3\build\tmp\test\work -Dorg.gradle.native=false -agentlib:jdwp=transport=dt_socket,server=n,suspend=y,address=127.0.0.1:13145 -Xmx512m -Dfile.encoding=windows-1251 -Duser.country=RU -Duser.language=ru -Duser.variant -ea 
java_command: worker.org.gradle.process.internal.worker.GradleWorkerMain 'Gradle Test Executor 10'
java_class_path (initial): C:\\Users\\RavvCheck1\\.gradle\\caches\\8.2\\workerMain\\gradle-worker.jar;C:\\Users\\RavvCheck1\\IdeaProjects\\TPO3\\build\\classes\\java\\test;C:\\Users\\RavvCheck1\\IdeaProjects\\TPO3\\build\\classes\\java\\main;C:\\Users\\RavvCheck1\\.gradle\\caches\\modules-2\\files-2.1\\org.seleniumhq.selenium\\selenium-java\\4.32.0\\2cc38c8dbef9d6e8774f05c2d2e8088180858ed4\\selenium-java-4.32.0.jar;C:\\Users\\RavvCheck1\\.gradle\\caches\\modules-2\\files-2.1\\org.junit.jupiter\\junit-jupiter\\5.9.1\\9274d3757e224bc02eae367bd481062a263c150b\\junit-jupiter-5.9.1.jar;C:\\Users\\RavvCheck1\\.gradle\\caches\\modules-2\\files-2.1\\org.junit.jupiter\\junit-jupiter-params\\5.9.1\\ffcd1013edaeee112be11fcddeb38882d79238de\\junit-jupiter-params-5.9.1.jar;C:\\Users\\RavvCheck1\\.gradle\\caches\\modules-2\\files-2.1\\org.junit.jupiter\\junit-jupiter-engine\\5.9.1\\1bf771097bde296c3ab174861954e8aafaaf2e94\\junit-jupiter-engine-5.9.1.jar;C:\\Users\\RavvCheck1\\.gradle\\caches\\modules-2\\files-2.1\\org.junit.jupiter\\junit-jupiter-api\\5.9.1\\7bb53fbc0173e9f6a9d21d58297af94b1f2f9ce1\\junit-jupiter-api-5.9.1.jar;C:\\Users\\RavvCheck1\\.gradle\\caches\\modules-2\\files-2.1\\org.junit.platform\\junit-platform-engine\\1.9.1\\83591e5089d6cea5f324aa3ecca9b19d5a275803\\junit-platform-engine-1.9.1.jar;C:\\Users\\RavvCheck1\\.gradle\\caches\\modules-2\\files-2.1\\org.junit.platform\\junit-platform-commons\\1.9.1\\3145f821b5cd10abcdc5f925baa5fffa6f1b628f\\junit-platform-commons-1.9.1.jar;C:\\Users\\RavvCheck1\\.gradle\\caches\\modules-2\\files-2.1\\org.seleniumhq.selenium\\selenium-chrome-driver\\4.32.0\\87ac9f66aee4901425b84d4e6d093f5a2ffb17f2\\selenium-chrome-driver-4.32.0.jar;C:\\Users\\RavvCheck1\\.gradle\\caches\\modules-2\\files-2.1\\org.seleniumhq.selenium\\selenium-devtools-v134\\4.32.0\\a48a2fc63ae8740c832e9a4a533f5cb0cdae816e\\selenium-devtools-v134-4.32.0.jar;C:\\Users\\RavvCheck1\\.gradle\\caches\\modules-2\\files-2.1\\org.seleniumhq.selenium\\selenium-devtool
Launcher Type: SUN_STANDARD

[Global flags]
     intx CICompilerCount                          = 12                                        {product} {ergonomic}
     uint ConcGCThreads                            = 3                                         {product} {ergonomic}
     uint G1ConcRefinementThreads                  = 13                                        {product} {ergonomic}
   size_t G1HeapRegionSize                         = 1048576                                   {product} {ergonomic}
    uintx GCDrainStackTargetSize                   = 64                                        {product} {ergonomic}
   size_t InitialHeapSize                          = 264241152                                 {product} {ergonomic}
   size_t MarkStackSize                            = 4194304                                   {product} {ergonomic}
   size_t MaxHeapSize                              = 536870912                                 {product} {command line}
   size_t MaxNewSize                               = 321912832                                 {product} {ergonomic}
   size_t MinHeapDeltaBytes                        = 1048576                                   {product} {ergonomic}
   size_t MinHeapSize                              = 8388608                                   {product} {ergonomic}
    uintx NonNMethodCodeHeapSize                   = 7602480                                {pd product} {ergonomic}
    uintx NonProfiledCodeHeapSize                  = 122027880                              {pd product} {ergonomic}
    uintx ProfiledCodeHeapSize                     = 122027880                              {pd product} {ergonomic}
    uintx ReservedCodeCacheSize                    = 251658240                              {pd product} {ergonomic}
     bool SegmentedCodeCache                       = true                                      {product} {ergonomic}
   size_t SoftMaxHeapSize                          = 536870912                              {manageable} {ergonomic}
     bool UseCompressedClassPointers               = true                           {product lp64_product} {ergonomic}
     bool UseCompressedOops                        = true                           {product lp64_product} {ergonomic}
     bool UseG1GC                                  = true                                      {product} {ergonomic}
     bool UseLargePagesIndividualAllocation        = false                                  {pd product} {ergonomic}

Logging:
Log output configuration:
 #0: stdout all=warning uptime,level,tags
 #1: stderr all=off uptime,level,tags

Environment Variables:
PATH=C:\Program Files\Common Files\Oracle\Java\javapath;C:\Program Files (x86)\Common Files\Oracle\Java\javapath;C:\Windows\System32\HWAudioDriverLibs;C:\Windows\system32;C:\Windows;C:\Windows\System32\Wbem;C:\Windows\System32\WindowsPowerShell\v1.0\;C:\Windows\System32\OpenSSH\;C:\Users\Administrator\AppData\Local\Microsoft\WindowsApps;C:\Program Files\Git\cmd;C:\Program Files\php;C:\Program Files\nodejs\;C:\Windows\system32\config\systemprofile\AppData\Local\Microsoft\WindowsApps;C:\windows\system32\HWAudioDriver\;C:\Program Files\apache-ant-1.10.14\bin;D:\AppData\swipl\bin;C:\Program Files\CMake\bin;C:\msys64\mingw64\bin;C:\Program Files (x86)\NVIDIA Corporation\Cg\include;C:\Program Files (x86)\Windows Kits\10\Windows Performance Toolkit\;C:\Program Files (x86)\NVIDIA Corporation\Cg\bin;C:\Program Files (x86)\NVIDIA Corporation\Cg\bin.x64;C:\Program Files\PowerShell\7\;C:\Users\RavvCheck1\AppData\Local\Microsoft\WindowsApps;C:\Users\RavvCheck1\AppData\Local\Programs\Microsoft VS Code\bin;C:\Users\RavvCheck1\AppData\Roaming\npm;C:\Program Files\PostgreSQL\15\bin;C:\Program Files\apache-ant-1.9.16\bin;C:\mingw64\bin;C:\Program Files\JetBrains\CLion 2024.3.1.1\bin;;C:\msys64\mingw64\bin;
USERNAME=RavvCheck1
OS=Windows_NT
PROCESSOR_IDENTIFIER=Intel64 Family 6 Model 154 Stepping 3, GenuineIntel



---------------  S Y S T E M  ---------------

OS:
 Windows 11 , 64 bit Build 22621 (10.0.22621.5262)
OS uptime: 3 days 5:55 hours
Hyper-V role detected

CPU: total 16 (initial active 16) (8 cores per cpu, 2 threads per core) family 6 model 154 stepping 3 microcode 0x41e, cx8, cmov, fxsr, ht, mmx, 3dnowpref, sse, sse2, sse3, ssse3, sse4.1, sse4.2, popcnt, lzcnt, tsc, tscinvbit, avx, avx2, aes, erms, clmul, bmi1, bmi2, adx, sha, fma, vzeroupper, clflush, clflushopt, clwb, hv

Memory: 4k page, system-wide physical 16108M (1365M free)
TotalPageFile size 23034M (AvailPageFile size 4M)
current process WorkingSet (physical memory assigned to process): 112M, peak: 127M
current process commit charge ("private bytes"): 386M, peak: 404M

vm_info: Java HotSpot(TM) 64-Bit Server VM (17.0.8+9-LTS-211) for windows-amd64 JRE (17.0.8+9-LTS-211), built on Jun 14 2023 10:34:31 by "mach5one" with MS VC++ 17.1 (VS2022)

END.
